{
  "D:\\projects\\node\\avleon\\core\\src\\collection.ts": {
    "path": "D:\\projects\\node\\avleon\\core\\src\\collection.ts",
    "statementMap": {
      "0": {
        "start": { "line": 296, "column": 0 },
        "end": { "line": 296, "column": 16 }
      },
      "1": {
        "start": { "line": 7, "column": 0 },
        "end": { "line": 7, "column": 31 }
      },
      "2": {
        "start": { "line": 8, "column": 0 },
        "end": { "line": 8, "column": 49 }
      },
      "3": {
        "start": { "line": 79, "column": 4 },
        "end": { "line": 79, "column": 23 }
      },
      "4": {
        "start": { "line": 83, "column": 4 },
        "end": { "line": 83, "column": 42 }
      },
      "5": {
        "start": { "line": 87, "column": 4 },
        "end": { "line": 87, "column": 20 }
      },
      "6": {
        "start": { "line": 91, "column": 4 },
        "end": { "line": 93, "column": 5 }
      },
      "7": {
        "start": { "line": 92, "column": 6 },
        "end": { "line": 92, "column": 65 }
      },
      "8": {
        "start": { "line": 94, "column": 20 },
        "end": { "line": 94, "column": 42 }
      },
      "9": {
        "start": { "line": 95, "column": 4 },
        "end": { "line": 95, "column": 19 }
      },
      "10": {
        "start": { "line": 99, "column": 20 },
        "end": { "line": 99, "column": 42 }
      },
      "11": {
        "start": { "line": 100, "column": 4 },
        "end": { "line": 100, "column": 19 }
      },
      "12": {
        "start": { "line": 104, "column": 4 },
        "end": { "line": 106, "column": 5 }
      },
      "13": {
        "start": { "line": 105, "column": 6 },
        "end": { "line": 105, "column": 65 }
      },
      "14": {
        "start": { "line": 105, "column": 38 },
        "end": { "line": 105, "column": 63 }
      },
      "15": {
        "start": { "line": 108, "column": 4 },
        "end": { "line": 110, "column": 5 }
      },
      "16": {
        "start": { "line": 109, "column": 6 },
        "end": { "line": 109, "column": 67 }
      },
      "17": {
        "start": { "line": 109, "column": 40 },
        "end": { "line": 109, "column": 65 }
      },
      "18": {
        "start": { "line": 112, "column": 4 },
        "end": { "line": 114, "column": 5 }
      },
      "19": {
        "start": { "line": 113, "column": 6 },
        "end": { "line": 113, "column": 46 }
      },
      "20": {
        "start": { "line": 117, "column": 4 },
        "end": { "line": 132, "column": 7 }
      },
      "21": {
        "start": { "line": 118, "column": 24 },
        "end": { "line": 118, "column": 44 }
      },
      "22": {
        "start": { "line": 119, "column": 6 },
        "end": { "line": 129, "column": 7 }
      },
      "23": {
        "start": { "line": 124, "column": 19 },
        "end": { "line": 124, "column": 50 }
      },
      "24": {
        "start": { "line": 126, "column": 8 },
        "end": { "line": 128, "column": 9 }
      },
      "25": {
        "start": { "line": 127, "column": 10 },
        "end": { "line": 127, "column": 44 }
      },
      "26": {
        "start": { "line": 131, "column": 6 },
        "end": { "line": 131, "column": 37 }
      },
      "27": {
        "start": { "line": 136, "column": 4 },
        "end": { "line": 138, "column": 5 }
      },
      "28": {
        "start": { "line": 137, "column": 6 },
        "end": { "line": 137, "column": 61 }
      },
      "29": {
        "start": { "line": 139, "column": 19 },
        "end": { "line": 140, "column": null }
      },
      "30": {
        "start": { "line": 140, "column": 6 },
        "end": { "line": 140, "column": 42 }
      },
      "31": {
        "start": { "line": 142, "column": 4 },
        "end": { "line": 144, "column": 5 }
      },
      "32": {
        "start": { "line": 143, "column": 6 },
        "end": { "line": 143, "column": 23 }
      },
      "33": {
        "start": { "line": 145, "column": 4 },
        "end": { "line": 145, "column": 21 }
      },
      "34": {
        "start": { "line": 151, "column": 4 },
        "end": { "line": 153, "column": 5 }
      },
      "35": {
        "start": { "line": 152, "column": 6 },
        "end": { "line": 152, "column": 61 }
      },
      "36": {
        "start": { "line": 154, "column": 4 },
        "end": { "line": 154, "column": 75 }
      },
      "37": {
        "start": { "line": 154, "column": 37 },
        "end": { "line": 154, "column": 73 }
      },
      "38": {
        "start": { "line": 159, "column": 4 },
        "end": { "line": 159, "column": 39 }
      },
      "39": {
        "start": { "line": 164, "column": 4 },
        "end": { "line": 164, "column": 31 }
      },
      "40": {
        "start": { "line": 165, "column": 4 },
        "end": { "line": 165, "column": 45 }
      },
      "41": {
        "start": { "line": 169, "column": 4 },
        "end": { "line": 169, "column": 30 }
      },
      "42": {
        "start": { "line": 172, "column": 17 },
        "end": { "line": 172, "column": 43 }
      },
      "43": {
        "start": { "line": 173, "column": 4 },
        "end": { "line": 178, "column": 5 }
      },
      "44": {
        "start": { "line": 174, "column": 20 },
        "end": { "line": 174, "column": 45 }
      },
      "45": {
        "start": { "line": 175, "column": 6 },
        "end": { "line": 175, "column": 50 }
      },
      "46": {
        "start": { "line": 177, "column": 6 },
        "end": { "line": 177, "column": 52 }
      },
      "47": {
        "start": { "line": 182, "column": 4 },
        "end": { "line": 186, "column": 5 }
      },
      "48": {
        "start": { "line": 182, "column": 17 },
        "end": { "line": 182, "column": 18 }
      },
      "49": {
        "start": { "line": 183, "column": 6 },
        "end": { "line": 185, "column": 7 }
      },
      "50": {
        "start": { "line": 184, "column": 8 },
        "end": { "line": 184, "column": 47 }
      },
      "51": {
        "start": { "line": 189, "column": 18 },
        "end": { "line": 189, "column": 49 }
      },
      "52": {
        "start": { "line": 190, "column": 4 },
        "end": { "line": 192, "column": 5 }
      },
      "53": {
        "start": { "line": 191, "column": 6 },
        "end": { "line": 191, "column": 34 }
      },
      "54": {
        "start": { "line": 195, "column": 4 },
        "end": { "line": 195, "column": 63 }
      },
      "55": {
        "start": { "line": 195, "column": 45 },
        "end": { "line": 195, "column": 61 }
      },
      "56": {
        "start": { "line": 198, "column": 4 },
        "end": { "line": 198, "column": 70 }
      },
      "57": {
        "start": { "line": 198, "column": 48 },
        "end": { "line": 198, "column": 67 }
      },
      "58": {
        "start": { "line": 202, "column": 4 },
        "end": { "line": 202, "column": 70 }
      },
      "59": {
        "start": { "line": 202, "column": 48 },
        "end": { "line": 202, "column": 67 }
      },
      "60": {
        "start": { "line": 206, "column": 17 },
        "end": { "line": 206, "column": 62 }
      },
      "61": {
        "start": { "line": 206, "column": 43 },
        "end": { "line": 206, "column": 49 }
      },
      "62": {
        "start": { "line": 207, "column": 4 },
        "end": { "line": 207, "column": 51 }
      },
      "63": {
        "start": { "line": 207, "column": 37 },
        "end": { "line": 207, "column": 46 }
      },
      "64": {
        "start": { "line": 211, "column": 17 },
        "end": { "line": 211, "column": 62 }
      },
      "65": {
        "start": { "line": 211, "column": 43 },
        "end": { "line": 211, "column": 49 }
      },
      "66": {
        "start": { "line": 212, "column": 4 },
        "end": { "line": 212, "column": 65 }
      },
      "67": {
        "start": { "line": 212, "column": 37 },
        "end": { "line": 212, "column": 46 }
      },
      "68": {
        "start": { "line": 216, "column": 17 },
        "end": { "line": 216, "column": 36 }
      },
      "69": {
        "start": { "line": 217, "column": 17 },
        "end": { "line": 217, "column": 35 }
      },
      "70": {
        "start": { "line": 218, "column": 18 },
        "end": { "line": 218, "column": 35 }
      },
      "71": {
        "start": { "line": 219, "column": 17 },
        "end": { "line": 219, "column": 45 }
      },
      "72": {
        "start": { "line": 220, "column": 4 },
        "end": { "line": 225, "column": 6 }
      },
      "73": {
        "start": { "line": 229, "column": 4 },
        "end": { "line": 229, "column": 52 }
      },
      "74": {
        "start": { "line": 229, "column": 34 },
        "end": { "line": 229, "column": 52 }
      },
      "75": {
        "start": { "line": 230, "column": 4 },
        "end": { "line": 230, "column": 66 }
      },
      "76": {
        "start": { "line": 230, "column": 48 },
        "end": { "line": 230, "column": 58 }
      },
      "77": {
        "start": { "line": 239, "column": 4 },
        "end": { "line": 239, "column": 23 }
      },
      "78": {
        "start": { "line": 245, "column": 4 },
        "end": { "line": 245, "column": 45 }
      },
      "79": {
        "start": { "line": 249, "column": 4 },
        "end": { "line": 256, "column": 5 }
      },
      "80": {
        "start": { "line": 250, "column": 28 },
        "end": { "line": 250, "column": 41 }
      },
      "81": {
        "start": { "line": 251, "column": 25 },
        "end": { "line": 251, "column": 67 }
      },
      "82": {
        "start": { "line": 252, "column": 6 },
        "end": { "line": 252, "column": 44 }
      },
      "83": {
        "start": { "line": 253, "column": 25 },
        "end": { "line": 253, "column": 64 }
      },
      "84": {
        "start": { "line": 254, "column": 6 },
        "end": { "line": 254, "column": 29 }
      },
      "85": {
        "start": { "line": 255, "column": 6 },
        "end": { "line": 255, "column": 24 }
      },
      "86": {
        "start": { "line": 257, "column": 4 },
        "end": { "line": 257, "column": 21 }
      },
      "87": {
        "start": { "line": 262, "column": 17 },
        "end": { "line": 262, "column": 36 }
      },
      "88": {
        "start": { "line": 263, "column": 17 },
        "end": { "line": 263, "column": 35 }
      },
      "89": {
        "start": { "line": 265, "column": 26 },
        "end": { "line": 268, "column": 6 }
      },
      "90": {
        "start": { "line": 270, "column": 4 },
        "end": { "line": 276, "column": 6 }
      },
      "91": {
        "start": { "line": 284, "column": 4 },
        "end": { "line": 284, "column": 43 }
      },
      "92": {
        "start": { "line": 290, "column": 28 },
        "end": { "line": 290, "column": 73 }
      },
      "93": {
        "start": { "line": 292, "column": 4 },
        "end": { "line": 292, "column": 43 }
      },
      "94": {
        "start": { "line": 280, "column": 0 },
        "end": { "line": 280, "column": 13 }
      },
      "95": {
        "start": { "line": 299, "column": 2 },
        "end": { "line": 343, "column": 4 }
      },
      "96": {
        "start": { "line": 305, "column": 4 },
        "end": { "line": 342, "column": 5 }
      },
      "97": {
        "start": { "line": 306, "column": 6 },
        "end": { "line": 336, "column": 9 }
      },
      "98": {
        "start": { "line": 311, "column": 29 },
        "end": { "line": 311, "column": 77 }
      },
      "99": {
        "start": { "line": 313, "column": 10 },
        "end": { "line": 315, "column": 44 }
      },
      "100": {
        "start": { "line": 316, "column": 10 },
        "end": { "line": 333, "column": 12 }
      },
      "101": {
        "start": { "line": 319, "column": 34 },
        "end": { "line": 322, "column": 14 }
      },
      "102": {
        "start": { "line": 324, "column": 12 },
        "end": { "line": 332, "column": 14 }
      },
      "103": {
        "start": { "line": 334, "column": 10 },
        "end": { "line": 334, "column": 22 }
      },
      "104": {
        "start": { "line": 338, "column": 6 },
        "end": { "line": 338, "column": 25 }
      },
      "105": {
        "start": { "line": 339, "column": 6 },
        "end": { "line": 341, "column": 7 }
      },
      "106": {
        "start": { "line": 340, "column": 8 },
        "end": { "line": 340, "column": 53 }
      }
    },
    "fnMap": {
      "0": {
        "name": "(anonymous_1)",
        "decl": {
          "start": { "line": 78, "column": 2 },
          "end": { "line": 78, "column": 22 }
        },
        "loc": {
          "start": { "line": 78, "column": 32 },
          "end": { "line": 80, "column": 3 }
        }
      },
      "1": {
        "name": "(anonymous_2)",
        "decl": {
          "start": { "line": 82, "column": 2 },
          "end": { "line": 82, "column": 8 }
        },
        "loc": {
          "start": { "line": 82, "column": 27 },
          "end": { "line": 84, "column": 3 }
        }
      },
      "2": {
        "name": "(anonymous_3)",
        "decl": {
          "start": { "line": 86, "column": 2 },
          "end": { "line": 86, "column": 7 }
        },
        "loc": {
          "start": { "line": 86, "column": 7 },
          "end": { "line": 88, "column": 3 }
        }
      },
      "3": {
        "name": "(anonymous_4)",
        "decl": {
          "start": { "line": 90, "column": 2 },
          "end": { "line": 90, "column": 6 }
        },
        "loc": {
          "start": { "line": 90, "column": 31 },
          "end": { "line": 96, "column": 3 }
        }
      },
      "4": {
        "name": "(anonymous_5)",
        "decl": {
          "start": { "line": 98, "column": 2 },
          "end": { "line": 98, "column": 7 }
        },
        "loc": {
          "start": { "line": 98, "column": 42 },
          "end": { "line": 101, "column": 3 }
        }
      },
      "5": {
        "name": "(anonymous_6)",
        "decl": {
          "start": { "line": 103, "column": 10 },
          "end": { "line": 103, "column": 18 }
        },
        "loc": {
          "start": { "line": 103, "column": 46 },
          "end": { "line": 133, "column": 3 }
        }
      },
      "6": {
        "name": "(anonymous_7)",
        "decl": {
          "start": { "line": 105, "column": 28 },
          "end": { "line": 105, "column": 29 }
        },
        "loc": {
          "start": { "line": 105, "column": 38 },
          "end": { "line": 105, "column": 63 }
        }
      },
      "7": {
        "name": "(anonymous_8)",
        "decl": {
          "start": { "line": 109, "column": 30 },
          "end": { "line": 109, "column": 31 }
        },
        "loc": {
          "start": { "line": 109, "column": 40 },
          "end": { "line": 109, "column": 65 }
        }
      },
      "8": {
        "name": "(anonymous_9)",
        "decl": {
          "start": { "line": 117, "column": 39 },
          "end": { "line": 117, "column": 40 }
        },
        "loc": {
          "start": { "line": 117, "column": 60 },
          "end": { "line": 132, "column": 5 }
        }
      },
      "9": {
        "name": "(anonymous_10)",
        "decl": {
          "start": { "line": 135, "column": 2 },
          "end": { "line": 135, "column": 9 }
        },
        "loc": {
          "start": { "line": 135, "column": 54 },
          "end": { "line": 146, "column": 3 }
        }
      },
      "10": {
        "name": "(anonymous_11)",
        "decl": {
          "start": { "line": 139, "column": 37 },
          "end": { "line": 139, "column": 38 }
        },
        "loc": {
          "start": { "line": 140, "column": 6 },
          "end": { "line": 140, "column": 42 }
        }
      },
      "11": {
        "name": "(anonymous_12)",
        "decl": {
          "start": { "line": 148, "column": 2 },
          "end": { "line": 148, "column": 7 }
        },
        "loc": {
          "start": { "line": 149, "column": 48 },
          "end": { "line": 155, "column": 3 }
        }
      },
      "12": {
        "name": "(anonymous_13)",
        "decl": {
          "start": { "line": 154, "column": 27 },
          "end": { "line": 154, "column": 28 }
        },
        "loc": {
          "start": { "line": 154, "column": 37 },
          "end": { "line": 154, "column": 73 }
        }
      },
      "13": {
        "name": "(anonymous_14)",
        "decl": {
          "start": { "line": 158, "column": 10 },
          "end": { "line": 158, "column": 20 }
        },
        "loc": {
          "start": { "line": 158, "column": 35 },
          "end": { "line": 160, "column": 3 }
        }
      },
      "14": {
        "name": "(anonymous_15)",
        "decl": {
          "start": { "line": 163, "column": 2 },
          "end": { "line": 163, "column": 5 }
        },
        "loc": {
          "start": { "line": 163, "column": 22 },
          "end": { "line": 166, "column": 3 }
        }
      },
      "15": {
        "name": "(anonymous_16)",
        "decl": {
          "start": { "line": 168, "column": 2 },
          "end": { "line": 168, "column": 8 }
        },
        "loc": {
          "start": { "line": 168, "column": 19 },
          "end": { "line": 170, "column": 3 }
        }
      },
      "16": {
        "name": "(anonymous_17)",
        "decl": {
          "start": { "line": 171, "column": 2 },
          "end": { "line": 171, "column": 8 }
        },
        "loc": {
          "start": { "line": 171, "column": 61 },
          "end": { "line": 179, "column": 3 }
        }
      },
      "17": {
        "name": "(anonymous_18)",
        "decl": {
          "start": { "line": 181, "column": 2 },
          "end": { "line": 181, "column": 11 }
        },
        "loc": {
          "start": { "line": 181, "column": 68 },
          "end": { "line": 187, "column": 3 }
        }
      },
      "18": {
        "name": "(anonymous_19)",
        "decl": {
          "start": { "line": 188, "column": 2 },
          "end": { "line": 188, "column": 8 }
        },
        "loc": {
          "start": { "line": 188, "column": 40 },
          "end": { "line": 193, "column": 3 }
        }
      },
      "19": {
        "name": "(anonymous_20)",
        "decl": {
          "start": { "line": 194, "column": 2 },
          "end": { "line": 194, "column": 11 }
        },
        "loc": {
          "start": { "line": 194, "column": 43 },
          "end": { "line": 196, "column": 3 }
        }
      },
      "20": {
        "name": "(anonymous_21)",
        "decl": {
          "start": { "line": 195, "column": 35 },
          "end": { "line": 195, "column": 36 }
        },
        "loc": {
          "start": { "line": 195, "column": 45 },
          "end": { "line": 195, "column": 61 }
        }
      },
      "21": {
        "name": "(anonymous_22)",
        "decl": {
          "start": { "line": 197, "column": 2 },
          "end": { "line": 197, "column": 5 }
        },
        "loc": {
          "start": { "line": 197, "column": 40 },
          "end": { "line": 199, "column": 3 }
        }
      },
      "22": {
        "name": "(anonymous_23)",
        "decl": {
          "start": { "line": 198, "column": 38 },
          "end": { "line": 198, "column": 39 }
        },
        "loc": {
          "start": { "line": 198, "column": 48 },
          "end": { "line": 198, "column": 67 }
        }
      },
      "23": {
        "name": "(anonymous_24)",
        "decl": {
          "start": { "line": 201, "column": 2 },
          "end": { "line": 201, "column": 5 }
        },
        "loc": {
          "start": { "line": 201, "column": 40 },
          "end": { "line": 203, "column": 3 }
        }
      },
      "24": {
        "name": "(anonymous_25)",
        "decl": {
          "start": { "line": 202, "column": 38 },
          "end": { "line": 202, "column": 39 }
        },
        "loc": {
          "start": { "line": 202, "column": 48 },
          "end": { "line": 202, "column": 67 }
        }
      },
      "25": {
        "name": "(anonymous_26)",
        "decl": {
          "start": { "line": 205, "column": 2 },
          "end": { "line": 205, "column": 5 }
        },
        "loc": {
          "start": { "line": 205, "column": 40 },
          "end": { "line": 208, "column": 3 }
        }
      },
      "26": {
        "name": "(anonymous_27)",
        "decl": {
          "start": { "line": 206, "column": 36 },
          "end": { "line": 206, "column": 37 }
        },
        "loc": {
          "start": { "line": 206, "column": 43 },
          "end": { "line": 206, "column": 49 }
        }
      },
      "27": {
        "name": "(anonymous_28)",
        "decl": {
          "start": { "line": 207, "column": 23 },
          "end": { "line": 207, "column": 24 }
        },
        "loc": {
          "start": { "line": 207, "column": 37 },
          "end": { "line": 207, "column": 46 }
        }
      },
      "28": {
        "name": "(anonymous_29)",
        "decl": {
          "start": { "line": 210, "column": 2 },
          "end": { "line": 210, "column": 5 }
        },
        "loc": {
          "start": { "line": 210, "column": 40 },
          "end": { "line": 213, "column": 3 }
        }
      },
      "29": {
        "name": "(anonymous_30)",
        "decl": {
          "start": { "line": 211, "column": 36 },
          "end": { "line": 211, "column": 37 }
        },
        "loc": {
          "start": { "line": 211, "column": 43 },
          "end": { "line": 211, "column": 49 }
        }
      },
      "30": {
        "name": "(anonymous_31)",
        "decl": {
          "start": { "line": 212, "column": 23 },
          "end": { "line": 212, "column": 24 }
        },
        "loc": {
          "start": { "line": 212, "column": 37 },
          "end": { "line": 212, "column": 46 }
        }
      },
      "31": {
        "name": "(anonymous_32)",
        "decl": {
          "start": { "line": 215, "column": 2 },
          "end": { "line": 215, "column": 10 }
        },
        "loc": {
          "start": { "line": 215, "column": 38 },
          "end": { "line": 226, "column": 3 }
        }
      },
      "32": {
        "name": "(anonymous_33)",
        "decl": {
          "start": { "line": 228, "column": 10 },
          "end": { "line": 228, "column": 22 }
        },
        "loc": {
          "start": { "line": 228, "column": 56 },
          "end": { "line": 231, "column": 3 }
        }
      },
      "33": {
        "name": "(anonymous_34)",
        "decl": {
          "start": { "line": 230, "column": 34 },
          "end": { "line": 230, "column": 35 }
        },
        "loc": {
          "start": { "line": 230, "column": 48 },
          "end": { "line": 230, "column": 58 }
        }
      },
      "34": {
        "name": "(anonymous_35)",
        "decl": {
          "start": { "line": 238, "column": 2 },
          "end": { "line": 238, "column": 22 }
        },
        "loc": {
          "start": { "line": 238, "column": 44 },
          "end": { "line": 240, "column": 3 }
        }
      },
      "35": {
        "name": "(anonymous_36)",
        "decl": {
          "start": { "line": 242, "column": 2 },
          "end": { "line": 242, "column": 8 }
        },
        "loc": {
          "start": { "line": 243, "column": 26 },
          "end": { "line": 246, "column": 3 }
        }
      },
      "36": {
        "name": "(anonymous_37)",
        "decl": {
          "start": { "line": 248, "column": 2 },
          "end": { "line": 248, "column": 15 }
        },
        "loc": {
          "start": { "line": 248, "column": 15 },
          "end": { "line": 258, "column": 3 }
        }
      },
      "37": {
        "name": "(anonymous_38)",
        "decl": {
          "start": { "line": 261, "column": 2 },
          "end": { "line": 261, "column": 7 }
        },
        "loc": {
          "start": { "line": 261, "column": 44 },
          "end": { "line": 277, "column": 3 }
        }
      },
      "38": {
        "name": "(anonymous_39)",
        "decl": {
          "start": { "line": 281, "column": 2 },
          "end": { "line": 281, "column": 25 }
        },
        "loc": {
          "start": { "line": 281, "column": 2 },
          "end": { "line": 281, "column": 26 }
        }
      },
      "39": {
        "name": "(anonymous_40)",
        "decl": {
          "start": { "line": 283, "column": 2 },
          "end": { "line": 283, "column": 8 }
        },
        "loc": {
          "start": { "line": 283, "column": 27 },
          "end": { "line": 285, "column": 3 }
        }
      },
      "40": {
        "name": "(anonymous_41)",
        "decl": {
          "start": { "line": 287, "column": 2 },
          "end": { "line": 287, "column": 8 }
        },
        "loc": {
          "start": { "line": 288, "column": 27 },
          "end": { "line": 293, "column": 3 }
        }
      },
      "41": {
        "name": "InjectRepository",
        "decl": {
          "start": { "line": 296, "column": 16 },
          "end": { "line": 296, "column": 32 }
        },
        "loc": {
          "start": { "line": 297, "column": 24 },
          "end": { "line": 344, "column": 1 }
        }
      },
      "42": {
        "name": "(anonymous_43)",
        "decl": {
          "start": { "line": 299, "column": 9 },
          "end": { "line": 299, "column": null }
        },
        "loc": {
          "start": { "line": 302, "column": 18 },
          "end": { "line": 343, "column": 3 }
        }
      },
      "43": {
        "name": "(anonymous_44)",
        "decl": {
          "start": { "line": 310, "column": 15 },
          "end": { "line": 310, "column": 16 }
        },
        "loc": {
          "start": { "line": 310, "column": 37 },
          "end": { "line": 335, "column": 9 }
        }
      },
      "44": {
        "name": "(anonymous_45)",
        "decl": {
          "start": { "line": 315, "column": 32 },
          "end": { "line": 315, "column": 35 }
        },
        "loc": {
          "start": { "line": 315, "column": 37 },
          "end": { "line": 315, "column": 40 }
        }
      },
      "45": {
        "name": "(anonymous_46)",
        "decl": {
          "start": { "line": 316, "column": 26 },
          "end": { "line": 316, "column": 31 }
        },
        "loc": {
          "start": { "line": 317, "column": 62 },
          "end": { "line": 333, "column": 11 }
        }
      }
    },
    "branchMap": {
      "0": {
        "loc": {
          "start": { "line": 91, "column": 4 },
          "end": { "line": 93, "column": 5 }
        },
        "type": "if",
        "locations": [
          {
            "start": { "line": 91, "column": 4 },
            "end": { "line": 93, "column": 5 }
          }
        ]
      },
      "1": {
        "loc": {
          "start": { "line": 104, "column": 4 },
          "end": { "line": 106, "column": 5 }
        },
        "type": "if",
        "locations": [
          {
            "start": { "line": 104, "column": 4 },
            "end": { "line": 106, "column": 5 }
          }
        ]
      },
      "2": {
        "loc": {
          "start": { "line": 108, "column": 4 },
          "end": { "line": 110, "column": 5 }
        },
        "type": "if",
        "locations": [
          {
            "start": { "line": 108, "column": 4 },
            "end": { "line": 110, "column": 5 }
          }
        ]
      },
      "3": {
        "loc": {
          "start": { "line": 112, "column": 4 },
          "end": { "line": 114, "column": 5 }
        },
        "type": "if",
        "locations": [
          {
            "start": { "line": 112, "column": 4 },
            "end": { "line": 114, "column": 5 }
          }
        ]
      },
      "4": {
        "loc": {
          "start": { "line": 119, "column": 6 },
          "end": { "line": 129, "column": 7 }
        },
        "type": "if",
        "locations": [
          {
            "start": { "line": 119, "column": 6 },
            "end": { "line": 129, "column": 7 }
          }
        ]
      },
      "5": {
        "loc": {
          "start": { "line": 120, "column": 8 },
          "end": { "line": 122, "column": 33 }
        },
        "type": "binary-expr",
        "locations": [
          {
            "start": { "line": 120, "column": 8 },
            "end": { "line": 120, "column": 17 }
          },
          {
            "start": { "line": 121, "column": 8 },
            "end": { "line": 121, "column": 37 }
          },
          {
            "start": { "line": 122, "column": 8 },
            "end": { "line": 122, "column": 33 }
          }
        ]
      },
      "6": {
        "loc": {
          "start": { "line": 126, "column": 8 },
          "end": { "line": 128, "column": 9 }
        },
        "type": "if",
        "locations": [
          {
            "start": { "line": 126, "column": 8 },
            "end": { "line": 128, "column": 9 }
          }
        ]
      },
      "7": {
        "loc": {
          "start": { "line": 126, "column": 12 },
          "end": { "line": 126, "column": 48 }
        },
        "type": "binary-expr",
        "locations": [
          {
            "start": { "line": 126, "column": 12 },
            "end": { "line": 126, "column": 23 }
          },
          {
            "start": { "line": 126, "column": 27 },
            "end": { "line": 126, "column": 48 }
          }
        ]
      },
      "8": {
        "loc": {
          "start": { "line": 136, "column": 4 },
          "end": { "line": 138, "column": 5 }
        },
        "type": "if",
        "locations": [
          {
            "start": { "line": 136, "column": 4 },
            "end": { "line": 138, "column": 5 }
          }
        ]
      },
      "9": {
        "loc": {
          "start": { "line": 142, "column": 4 },
          "end": { "line": 144, "column": 5 }
        },
        "type": "if",
        "locations": [
          {
            "start": { "line": 142, "column": 4 },
            "end": { "line": 144, "column": 5 }
          }
        ]
      },
      "10": {
        "loc": {
          "start": { "line": 151, "column": 4 },
          "end": { "line": 153, "column": 5 }
        },
        "type": "if",
        "locations": [
          {
            "start": { "line": 151, "column": 4 },
            "end": { "line": 153, "column": 5 }
          }
        ]
      },
      "11": {
        "loc": {
          "start": { "line": 173, "column": 4 },
          "end": { "line": 178, "column": 5 }
        },
        "type": "if",
        "locations": [
          {
            "start": { "line": 173, "column": 4 },
            "end": { "line": 178, "column": 5 }
          },
          {
            "start": { "line": 176, "column": 11 },
            "end": { "line": 178, "column": 5 }
          }
        ]
      },
      "12": {
        "loc": {
          "start": { "line": 183, "column": 6 },
          "end": { "line": 185, "column": 7 }
        },
        "type": "if",
        "locations": [
          {
            "start": { "line": 183, "column": 6 },
            "end": { "line": 185, "column": 7 }
          }
        ]
      },
      "13": {
        "loc": {
          "start": { "line": 190, "column": 4 },
          "end": { "line": 192, "column": 5 }
        },
        "type": "if",
        "locations": [
          {
            "start": { "line": 190, "column": 4 },
            "end": { "line": 192, "column": 5 }
          }
        ]
      },
      "14": {
        "loc": {
          "start": { "line": 216, "column": 17 },
          "end": { "line": 216, "column": 36 }
        },
        "type": "binary-expr",
        "locations": [
          {
            "start": { "line": 216, "column": 17 },
            "end": { "line": 216, "column": 30 }
          },
          {
            "start": { "line": 216, "column": 34 },
            "end": { "line": 216, "column": 36 }
          }
        ]
      },
      "15": {
        "loc": {
          "start": { "line": 216, "column": 17 },
          "end": { "line": 216, "column": 30 }
        },
        "type": "cond-expr",
        "locations": [
          {
            "start": { "line": 216, "column": 24 },
            "end": { "line": 216, "column": 26 }
          },
          {
            "start": { "line": 216, "column": 17 },
            "end": { "line": 216, "column": 30 }
          }
        ]
      },
      "16": {
        "loc": {
          "start": { "line": 216, "column": 17 },
          "end": { "line": 216, "column": 26 }
        },
        "type": "binary-expr",
        "locations": [
          {
            "start": { "line": 216, "column": 17 },
            "end": { "line": 216, "column": 26 }
          },
          {
            "start": { "line": 216, "column": 17 },
            "end": { "line": 216, "column": 26 }
          }
        ]
      },
      "17": {
        "loc": {
          "start": { "line": 217, "column": 17 },
          "end": { "line": 217, "column": 35 }
        },
        "type": "binary-expr",
        "locations": [
          {
            "start": { "line": 217, "column": 17 },
            "end": { "line": 217, "column": 30 }
          },
          {
            "start": { "line": 217, "column": 34 },
            "end": { "line": 217, "column": 35 }
          }
        ]
      },
      "18": {
        "loc": {
          "start": { "line": 217, "column": 17 },
          "end": { "line": 217, "column": 30 }
        },
        "type": "cond-expr",
        "locations": [
          {
            "start": { "line": 217, "column": 24 },
            "end": { "line": 217, "column": 26 }
          },
          {
            "start": { "line": 217, "column": 17 },
            "end": { "line": 217, "column": 30 }
          }
        ]
      },
      "19": {
        "loc": {
          "start": { "line": 217, "column": 17 },
          "end": { "line": 217, "column": 26 }
        },
        "type": "binary-expr",
        "locations": [
          {
            "start": { "line": 217, "column": 17 },
            "end": { "line": 217, "column": 26 }
          },
          {
            "start": { "line": 217, "column": 17 },
            "end": { "line": 217, "column": 26 }
          }
        ]
      },
      "20": {
        "loc": {
          "start": { "line": 223, "column": 12 },
          "end": { "line": 223, "column": 52 }
        },
        "type": "cond-expr",
        "locations": [
          {
            "start": { "line": 223, "column": 34 },
            "end": { "line": 223, "column": 45 }
          },
          {
            "start": { "line": 223, "column": 48 },
            "end": { "line": 223, "column": 52 }
          }
        ]
      },
      "21": {
        "loc": {
          "start": { "line": 229, "column": 4 },
          "end": { "line": 229, "column": 52 }
        },
        "type": "if",
        "locations": [
          {
            "start": { "line": 229, "column": 4 },
            "end": { "line": 229, "column": 52 }
          }
        ]
      },
      "22": {
        "loc": {
          "start": { "line": 230, "column": 48 },
          "end": { "line": 230, "column": 58 }
        },
        "type": "cond-expr",
        "locations": [
          {
            "start": { "line": 230, "column": 51 },
            "end": { "line": 230, "column": 54 }
          },
          {
            "start": { "line": 230, "column": 48 },
            "end": { "line": 230, "column": 58 }
          }
        ]
      },
      "23": {
        "loc": {
          "start": { "line": 230, "column": 48 },
          "end": { "line": 230, "column": 54 }
        },
        "type": "binary-expr",
        "locations": [
          {
            "start": { "line": 230, "column": 48 },
            "end": { "line": 230, "column": 54 }
          },
          {
            "start": { "line": 230, "column": 48 },
            "end": { "line": 230, "column": 54 }
          }
        ]
      },
      "24": {
        "loc": {
          "start": { "line": 249, "column": 4 },
          "end": { "line": 256, "column": 5 }
        },
        "type": "if",
        "locations": [
          {
            "start": { "line": 249, "column": 4 },
            "end": { "line": 256, "column": 5 }
          }
        ]
      },
      "25": {
        "loc": {
          "start": { "line": 262, "column": 17 },
          "end": { "line": 262, "column": 36 }
        },
        "type": "binary-expr",
        "locations": [
          {
            "start": { "line": 262, "column": 17 },
            "end": { "line": 262, "column": 30 }
          },
          {
            "start": { "line": 262, "column": 34 },
            "end": { "line": 262, "column": 36 }
          }
        ]
      },
      "26": {
        "loc": {
          "start": { "line": 262, "column": 17 },
          "end": { "line": 262, "column": 30 }
        },
        "type": "cond-expr",
        "locations": [
          {
            "start": { "line": 262, "column": 24 },
            "end": { "line": 262, "column": 26 }
          },
          {
            "start": { "line": 262, "column": 17 },
            "end": { "line": 262, "column": 30 }
          }
        ]
      },
      "27": {
        "loc": {
          "start": { "line": 262, "column": 17 },
          "end": { "line": 262, "column": 26 }
        },
        "type": "binary-expr",
        "locations": [
          {
            "start": { "line": 262, "column": 17 },
            "end": { "line": 262, "column": 26 }
          },
          {
            "start": { "line": 262, "column": 17 },
            "end": { "line": 262, "column": 26 }
          }
        ]
      },
      "28": {
        "loc": {
          "start": { "line": 263, "column": 17 },
          "end": { "line": 263, "column": 35 }
        },
        "type": "binary-expr",
        "locations": [
          {
            "start": { "line": 263, "column": 17 },
            "end": { "line": 263, "column": 30 }
          },
          {
            "start": { "line": 263, "column": 34 },
            "end": { "line": 263, "column": 35 }
          }
        ]
      },
      "29": {
        "loc": {
          "start": { "line": 263, "column": 17 },
          "end": { "line": 263, "column": 30 }
        },
        "type": "cond-expr",
        "locations": [
          {
            "start": { "line": 263, "column": 24 },
            "end": { "line": 263, "column": 26 }
          },
          {
            "start": { "line": 263, "column": 17 },
            "end": { "line": 263, "column": 30 }
          }
        ]
      },
      "30": {
        "loc": {
          "start": { "line": 263, "column": 17 },
          "end": { "line": 263, "column": 26 }
        },
        "type": "binary-expr",
        "locations": [
          {
            "start": { "line": 263, "column": 17 },
            "end": { "line": 263, "column": 26 }
          },
          {
            "start": { "line": 263, "column": 17 },
            "end": { "line": 263, "column": 26 }
          }
        ]
      },
      "31": {
        "loc": {
          "start": { "line": 273, "column": 12 },
          "end": { "line": 273, "column": 52 }
        },
        "type": "cond-expr",
        "locations": [
          {
            "start": { "line": 273, "column": 34 },
            "end": { "line": 273, "column": 45 }
          },
          {
            "start": { "line": 273, "column": 48 },
            "end": { "line": 273, "column": 52 }
          }
        ]
      },
      "32": {
        "loc": {
          "start": { "line": 274, "column": 12 },
          "end": { "line": 274, "column": 52 }
        },
        "type": "cond-expr",
        "locations": [
          {
            "start": { "line": 274, "column": 34 },
            "end": { "line": 274, "column": 45 }
          },
          {
            "start": { "line": 274, "column": 48 },
            "end": { "line": 274, "column": 52 }
          }
        ]
      },
      "33": {
        "loc": {
          "start": { "line": 317, "column": 12 },
          "end": { "line": 317, "column": 62 }
        },
        "type": "default-arg",
        "locations": [
          {
            "start": { "line": 317, "column": 41 },
            "end": { "line": 317, "column": 62 }
          }
        ]
      },
      "34": {
        "loc": {
          "start": { "line": 320, "column": 20 },
          "end": { "line": 320, "column": 38 }
        },
        "type": "binary-expr",
        "locations": [
          {
            "start": { "line": 320, "column": 20 },
            "end": { "line": 320, "column": 32 }
          },
          {
            "start": { "line": 320, "column": 36 },
            "end": { "line": 320, "column": 38 }
          }
        ]
      },
      "35": {
        "loc": {
          "start": { "line": 321, "column": 20 },
          "end": { "line": 321, "column": 37 }
        },
        "type": "binary-expr",
        "locations": [
          {
            "start": { "line": 321, "column": 20 },
            "end": { "line": 321, "column": 32 }
          },
          {
            "start": { "line": 321, "column": 36 },
            "end": { "line": 321, "column": 37 }
          }
        ]
      },
      "36": {
        "loc": {
          "start": { "line": 326, "column": 44 },
          "end": { "line": 326, "column": 62 }
        },
        "type": "binary-expr",
        "locations": [
          {
            "start": { "line": 326, "column": 44 },
            "end": { "line": 326, "column": 56 }
          },
          {
            "start": { "line": 326, "column": 60 },
            "end": { "line": 326, "column": 62 }
          }
        ]
      },
      "37": {
        "loc": {
          "start": { "line": 328, "column": 16 },
          "end": { "line": 330, "column": 24 }
        },
        "type": "cond-expr",
        "locations": [
          {
            "start": { "line": 329, "column": 20 },
            "end": { "line": 329, "column": 49 }
          },
          {
            "start": { "line": 330, "column": 20 },
            "end": { "line": 330, "column": 24 }
          }
        ]
      },
      "38": {
        "loc": {
          "start": { "line": 339, "column": 6 },
          "end": { "line": 341, "column": 7 }
        },
        "type": "if",
        "locations": [
          {
            "start": { "line": 339, "column": 6 },
            "end": { "line": 341, "column": 7 }
          }
        ]
      },
      "39": {
        "loc": {
          "start": { "line": 339, "column": 10 },
          "end": { "line": 339, "column": 60 }
        },
        "type": "binary-expr",
        "locations": [
          {
            "start": { "line": 339, "column": 10 },
            "end": { "line": 339, "column": 20 }
          },
          {
            "start": { "line": 339, "column": 24 },
            "end": { "line": 339, "column": 60 }
          }
        ]
      }
    },
    "s": {
      "0": 1,
      "1": 1,
      "2": 1,
      "3": 4,
      "4": 4,
      "5": 4,
      "6": 2,
      "7": 1,
      "8": 1,
      "9": 1,
      "10": 0,
      "11": 0,
      "12": 6,
      "13": 0,
      "14": 0,
      "15": 6,
      "16": 0,
      "17": 0,
      "18": 6,
      "19": 0,
      "20": 6,
      "21": 6,
      "22": 6,
      "23": 3,
      "24": 3,
      "25": 3,
      "26": 3,
      "27": 2,
      "28": 0,
      "29": 2,
      "30": 6,
      "31": 2,
      "32": 2,
      "33": 0,
      "34": 0,
      "35": 0,
      "36": 0,
      "37": 0,
      "38": 4,
      "39": 0,
      "40": 0,
      "41": 0,
      "42": 0,
      "43": 0,
      "44": 0,
      "45": 0,
      "46": 0,
      "47": 0,
      "48": 0,
      "49": 0,
      "50": 0,
      "51": 0,
      "52": 0,
      "53": 0,
      "54": 0,
      "55": 0,
      "56": 0,
      "57": 0,
      "58": 0,
      "59": 0,
      "60": 0,
      "61": 0,
      "62": 0,
      "63": 0,
      "64": 0,
      "65": 0,
      "66": 0,
      "67": 0,
      "68": 0,
      "69": 0,
      "70": 0,
      "71": 0,
      "72": 0,
      "73": 0,
      "74": 0,
      "75": 0,
      "76": 0,
      "77": 0,
      "78": 0,
      "79": 0,
      "80": 0,
      "81": 0,
      "82": 0,
      "83": 0,
      "84": 0,
      "85": 0,
      "86": 0,
      "87": 0,
      "88": 0,
      "89": 0,
      "90": 0,
      "91": 4,
      "92": 0,
      "93": 0,
      "94": 1,
      "95": 0,
      "96": 0,
      "97": 0,
      "98": 0,
      "99": 0,
      "100": 0,
      "101": 0,
      "102": 0,
      "103": 0,
      "104": 0,
      "105": 0,
      "106": 0
    },
    "f": {
      "0": 4,
      "1": 4,
      "2": 4,
      "3": 2,
      "4": 0,
      "5": 6,
      "6": 0,
      "7": 0,
      "8": 6,
      "9": 2,
      "10": 6,
      "11": 0,
      "12": 0,
      "13": 4,
      "14": 0,
      "15": 0,
      "16": 0,
      "17": 0,
      "18": 0,
      "19": 0,
      "20": 0,
      "21": 0,
      "22": 0,
      "23": 0,
      "24": 0,
      "25": 0,
      "26": 0,
      "27": 0,
      "28": 0,
      "29": 0,
      "30": 0,
      "31": 0,
      "32": 0,
      "33": 0,
      "34": 0,
      "35": 0,
      "36": 0,
      "37": 0,
      "38": 0,
      "39": 4,
      "40": 0,
      "41": 0,
      "42": 0,
      "43": 0,
      "44": 0,
      "45": 0
    },
    "b": {
      "0": [1],
      "1": [0],
      "2": [0],
      "3": [0],
      "4": [3],
      "5": [6, 6, 3],
      "6": [3],
      "7": [3, 3],
      "8": [0],
      "9": [2],
      "10": [0],
      "11": [0, 0],
      "12": [0],
      "13": [0],
      "14": [0, 0],
      "15": [0, 0],
      "16": [0, 0],
      "17": [0, 0],
      "18": [0, 0],
      "19": [0, 0],
      "20": [0, 0],
      "21": [0],
      "22": [0, 0],
      "23": [0, 0],
      "24": [0],
      "25": [0, 0],
      "26": [0, 0],
      "27": [0, 0],
      "28": [0, 0],
      "29": [0, 0],
      "30": [0, 0],
      "31": [0, 0],
      "32": [0, 0],
      "33": [0],
      "34": [0, 0],
      "35": [0, 0],
      "36": [0, 0],
      "37": [0, 0],
      "38": [0],
      "39": [0, 0]
    }
  },
  "D:\\projects\\node\\avleon\\core\\src\\config.ts": {
    "path": "D:\\projects\\node\\avleon\\core\\src\\config.ts",
    "statementMap": {
      "0": {
        "start": { "line": 15, "column": 0 },
        "end": { "line": 15, "column": 16 }
      },
      "1": {
        "start": { "line": 50, "column": 0 },
        "end": { "line": 50, "column": 16 }
      },
      "2": {
        "start": { "line": 72, "column": 0 },
        "end": { "line": 72, "column": 16 }
      },
      "3": {
        "start": { "line": 7, "column": 0 },
        "end": { "line": 7, "column": 66 }
      },
      "4": {
        "start": { "line": 8, "column": 0 },
        "end": { "line": 8, "column": 54 }
      },
      "5": {
        "start": { "line": 9, "column": 0 },
        "end": { "line": 9, "column": 35 }
      },
      "6": {
        "start": { "line": 16, "column": 2 },
        "end": { "line": 16, "column": 46 }
      },
      "7": {
        "start": { "line": 21, "column": 21 },
        "end": { "line": 21, "column": 47 }
      },
      "8": {
        "start": { "line": 22, "column": 4 },
        "end": { "line": 24, "column": 5 }
      },
      "9": {
        "start": { "line": 23, "column": 6 },
        "end": { "line": 23, "column": 74 }
      },
      "10": {
        "start": { "line": 25, "column": 4 },
        "end": { "line": 25, "column": 46 }
      },
      "11": {
        "start": { "line": 19, "column": 0 },
        "end": { "line": 19, "column": 13 }
      },
      "12": {
        "start": { "line": 52, "column": 2 },
        "end": { "line": 62, "column": 3 }
      },
      "13": {
        "start": { "line": 57, "column": 21 },
        "end": { "line": 57, "column": 63 }
      },
      "14": {
        "start": { "line": 58, "column": 4 },
        "end": { "line": 60, "column": 5 }
      },
      "15": {
        "start": { "line": 59, "column": 6 },
        "end": { "line": 59, "column": 78 }
      },
      "16": {
        "start": { "line": 61, "column": 4 },
        "end": { "line": 61, "column": 48 }
      },
      "17": {
        "start": { "line": 65, "column": 17 },
        "end": { "line": 65, "column": 37 }
      },
      "18": {
        "start": { "line": 66, "column": 2 },
        "end": { "line": 68, "column": 3 }
      },
      "19": {
        "start": { "line": 67, "column": 4 },
        "end": { "line": 67, "column": 56 }
      },
      "20": {
        "start": { "line": 69, "column": 2 },
        "end": { "line": 69, "column": 21 }
      },
      "21": {
        "start": { "line": 77, "column": 2 },
        "end": { "line": 81, "column": 3 }
      },
      "22": {
        "start": { "line": 78, "column": 4 },
        "end": { "line": 78, "column": 37 }
      },
      "23": {
        "start": { "line": 80, "column": 4 },
        "end": { "line": 80, "column": 28 }
      },
      "24": {
        "start": { "line": 83, "column": 18 },
        "end": { "line": 83, "column": 31 }
      },
      "25": {
        "start": { "line": 84, "column": 2 },
        "end": { "line": 84, "column": 46 }
      }
    },
    "fnMap": {
      "0": {
        "name": "Config",
        "decl": {
          "start": { "line": 15, "column": 16 },
          "end": { "line": 15, "column": 22 }
        },
        "loc": {
          "start": { "line": 15, "column": 66 },
          "end": { "line": 17, "column": 1 }
        }
      },
      "1": {
        "name": "(anonymous_1)",
        "decl": {
          "start": { "line": 20, "column": 2 },
          "end": { "line": 20, "column": 5 }
        },
        "loc": {
          "start": { "line": 20, "column": 60 },
          "end": { "line": 26, "column": 3 }
        }
      },
      "2": {
        "name": "GetConfig",
        "decl": {
          "start": { "line": 50, "column": 16 },
          "end": { "line": 50, "column": 25 }
        },
        "loc": {
          "start": { "line": 50, "column": 39 },
          "end": { "line": 70, "column": 1 }
        }
      },
      "3": {
        "name": "CreateConfig",
        "decl": {
          "start": { "line": 72, "column": 16 },
          "end": { "line": 72, "column": 28 }
        },
        "loc": {
          "start": { "line": 74, "column": 35 },
          "end": { "line": 85, "column": 1 }
        }
      }
    },
    "branchMap": {
      "0": {
        "loc": {
          "start": { "line": 22, "column": 4 },
          "end": { "line": 24, "column": 5 }
        },
        "type": "if",
        "locations": [
          {
            "start": { "line": 22, "column": 4 },
            "end": { "line": 24, "column": 5 }
          }
        ]
      },
      "1": {
        "loc": {
          "start": { "line": 52, "column": 2 },
          "end": { "line": 62, "column": 3 }
        },
        "type": "if",
        "locations": [
          {
            "start": { "line": 52, "column": 2 },
            "end": { "line": 62, "column": 3 }
          }
        ]
      },
      "2": {
        "loc": {
          "start": { "line": 53, "column": 4 },
          "end": { "line": 55, "column": 48 }
        },
        "type": "binary-expr",
        "locations": [
          {
            "start": { "line": 53, "column": 4 },
            "end": { "line": 53, "column": 31 }
          },
          {
            "start": { "line": 54, "column": 4 },
            "end": { "line": 54, "column": 27 }
          },
          {
            "start": { "line": 55, "column": 4 },
            "end": { "line": 55, "column": 48 }
          }
        ]
      },
      "3": {
        "loc": {
          "start": { "line": 58, "column": 4 },
          "end": { "line": 60, "column": 5 }
        },
        "type": "if",
        "locations": [
          {
            "start": { "line": 58, "column": 4 },
            "end": { "line": 60, "column": 5 }
          }
        ]
      },
      "4": {
        "loc": {
          "start": { "line": 66, "column": 2 },
          "end": { "line": 68, "column": 3 }
        },
        "type": "if",
        "locations": [
          {
            "start": { "line": 66, "column": 2 },
            "end": { "line": 68, "column": 3 }
          }
        ]
      }
    },
    "s": {
      "0": 1,
      "1": 1,
      "2": 1,
      "3": 1,
      "4": 1,
      "5": 1,
      "6": 1,
      "7": 0,
      "8": 0,
      "9": 0,
      "10": 0,
      "11": 1,
      "12": 2,
      "13": 1,
      "14": 1,
      "15": 0,
      "16": 1,
      "17": 1,
      "18": 1,
      "19": 0,
      "20": 1,
      "21": 1,
      "22": 1,
      "23": 0,
      "24": 1,
      "25": 1
    },
    "f": { "0": 1, "1": 0, "2": 2, "3": 1 },
    "b": { "0": [0], "1": [1], "2": [2, 1, 1], "3": [0], "4": [0] }
  },
  "D:\\projects\\node\\avleon\\core\\src\\container.ts": {
    "path": "D:\\projects\\node\\avleon\\core\\src\\container.ts",
    "statementMap": {
      "0": {
        "start": { "line": 29, "column": 0 },
        "end": { "line": 29, "column": 16 }
      },
      "1": {
        "start": { "line": 32, "column": 0 },
        "end": { "line": 32, "column": 16 }
      },
      "2": {
        "start": { "line": 37, "column": 0 },
        "end": { "line": 37, "column": 16 }
      },
      "3": {
        "start": { "line": 40, "column": 0 },
        "end": { "line": 40, "column": 16 }
      },
      "4": {
        "start": { "line": 46, "column": 0 },
        "end": { "line": 46, "column": 16 }
      },
      "5": {
        "start": { "line": 51, "column": 0 },
        "end": { "line": 51, "column": 16 }
      },
      "6": {
        "start": { "line": 7, "column": 0 },
        "end": { "line": 7, "column": 67 }
      },
      "7": {
        "start": { "line": 10, "column": 13 },
        "end": { "line": 10, "column": 50 }
      },
      "8": {
        "start": { "line": 11, "column": 13 },
        "end": { "line": 11, "column": 55 }
      },
      "9": {
        "start": { "line": 12, "column": 13 },
        "end": { "line": 12, "column": 65 }
      },
      "10": {
        "start": { "line": 13, "column": 13 },
        "end": { "line": 13, "column": 55 }
      },
      "11": {
        "start": { "line": 14, "column": 13 },
        "end": { "line": 14, "column": 55 }
      },
      "12": {
        "start": { "line": 15, "column": 13 },
        "end": { "line": 15, "column": 62 }
      },
      "13": {
        "start": { "line": 16, "column": 13 },
        "end": { "line": 16, "column": 62 }
      },
      "14": {
        "start": { "line": 17, "column": 13 },
        "end": { "line": 17, "column": 63 }
      },
      "15": {
        "start": { "line": 18, "column": 13 },
        "end": { "line": 18, "column": 62 }
      },
      "16": {
        "start": { "line": 19, "column": 13 },
        "end": { "line": 19, "column": 65 }
      },
      "17": {
        "start": { "line": 20, "column": 13 },
        "end": { "line": 20, "column": 65 }
      },
      "18": {
        "start": { "line": 21, "column": 13 },
        "end": { "line": 21, "column": 74 }
      },
      "19": {
        "start": { "line": 23, "column": 27 },
        "end": { "line": 23, "column": 46 }
      },
      "20": {
        "start": { "line": 24, "column": 24 },
        "end": { "line": 24, "column": 43 }
      },
      "21": {
        "start": { "line": 25, "column": 24 },
        "end": { "line": 25, "column": 46 }
      },
      "22": {
        "start": { "line": 27, "column": 18 },
        "end": { "line": 27, "column": 33 }
      },
      "23": {
        "start": { "line": 30, "column": 2 },
        "end": { "line": 30, "column": 37 }
      },
      "24": {
        "start": { "line": 33, "column": 2 },
        "end": { "line": 33, "column": 34 }
      },
      "25": {
        "start": { "line": 34, "column": 2 },
        "end": { "line": 34, "column": 31 }
      },
      "26": {
        "start": { "line": 38, "column": 2 },
        "end": { "line": 38, "column": 37 }
      },
      "27": {
        "start": { "line": 41, "column": 2 },
        "end": { "line": 41, "column": 40 }
      },
      "28": {
        "start": { "line": 44, "column": 13 },
        "end": { "line": 44, "column": 67 }
      },
      "29": {
        "start": { "line": 47, "column": 2 },
        "end": { "line": 47, "column": 75 }
      },
      "30": {
        "start": { "line": 49, "column": 0 },
        "end": { "line": 49, "column": 41 }
      },
      "31": {
        "start": { "line": 52, "column": 2 },
        "end": { "line": 52, "column": 55 }
      },
      "32": {
        "start": { "line": 54, "column": 0 },
        "end": { "line": 54, "column": 25 }
      }
    },
    "fnMap": {
      "0": {
        "name": "registerController",
        "decl": {
          "start": { "line": 29, "column": 16 },
          "end": { "line": 29, "column": 34 }
        },
        "loc": {
          "start": { "line": 29, "column": 55 },
          "end": { "line": 31, "column": 1 }
        }
      },
      "1": {
        "name": "registerService",
        "decl": {
          "start": { "line": 32, "column": 16 },
          "end": { "line": 32, "column": 31 }
        },
        "loc": {
          "start": { "line": 32, "column": 49 },
          "end": { "line": 35, "column": 1 }
        }
      },
      "2": {
        "name": "getRegisteredServices",
        "decl": {
          "start": { "line": 37, "column": 16 },
          "end": { "line": 37, "column": 37 }
        },
        "loc": {
          "start": { "line": 37, "column": 37 },
          "end": { "line": 39, "column": 1 }
        }
      },
      "3": {
        "name": "getRegisteredControllers",
        "decl": {
          "start": { "line": 40, "column": 16 },
          "end": { "line": 40, "column": 40 }
        },
        "loc": {
          "start": { "line": 40, "column": 40 },
          "end": { "line": 42, "column": 1 }
        }
      },
      "4": {
        "name": "isApiController",
        "decl": {
          "start": { "line": 46, "column": 16 },
          "end": { "line": 46, "column": 31 }
        },
        "loc": {
          "start": { "line": 46, "column": 48 },
          "end": { "line": 48, "column": 1 }
        }
      },
      "5": {
        "name": "registerDataSource",
        "decl": {
          "start": { "line": 51, "column": 16 },
          "end": { "line": 51, "column": 34 }
        },
        "loc": {
          "start": { "line": 51, "column": 50 },
          "end": { "line": 53, "column": 1 }
        }
      }
    },
    "branchMap": {},
    "s": {
      "0": 1,
      "1": 1,
      "2": 1,
      "3": 1,
      "4": 1,
      "5": 1,
      "6": 1,
      "7": 1,
      "8": 1,
      "9": 1,
      "10": 1,
      "11": 1,
      "12": 1,
      "13": 1,
      "14": 1,
      "15": 1,
      "16": 1,
      "17": 1,
      "18": 1,
      "19": 1,
      "20": 1,
      "21": 1,
      "22": 1,
      "23": 0,
      "24": 0,
      "25": 0,
      "26": 0,
      "27": 0,
      "28": 1,
      "29": 0,
      "30": 1,
      "31": 0,
      "32": 1
    },
    "f": { "0": 0, "1": 0, "2": 0, "3": 0, "4": 0, "5": 0 },
    "b": {}
  },
  "D:\\projects\\node\\avleon\\core\\src\\environment-variables.ts": {
    "path": "D:\\projects\\node\\avleon\\core\\src\\environment-variables.ts",
    "statementMap": {
      "0": {
        "start": { "line": 8, "column": 0 },
        "end": { "line": 8, "column": 28 }
      },
      "1": {
        "start": { "line": 9, "column": 0 },
        "end": { "line": 9, "column": 24 }
      },
      "2": {
        "start": { "line": 10, "column": 0 },
        "end": { "line": 10, "column": 36 }
      },
      "3": {
        "start": { "line": 11, "column": 0 },
        "end": { "line": 11, "column": 33 }
      },
      "4": {
        "start": { "line": 12, "column": 0 },
        "end": { "line": 12, "column": null }
      },
      "5": {
        "start": { "line": 17, "column": 0 },
        "end": { "line": 17, "column": 58 }
      },
      "6": {
        "start": { "line": 20, "column": 7 },
        "end": { "line": 53, "column": null }
      },
      "7": {
        "start": { "line": 22, "column": 4 },
        "end": { "line": 33, "column": 5 }
      },
      "8": {
        "start": { "line": 23, "column": 21 },
        "end": { "line": 23, "column": 41 }
      },
      "9": {
        "start": { "line": 24, "column": 6 },
        "end": { "line": 26, "column": 7 }
      },
      "10": {
        "start": { "line": 25, "column": 8 },
        "end": { "line": 25, "column": 34 }
      },
      "11": {
        "start": { "line": 27, "column": 26 },
        "end": { "line": 27, "column": 59 }
      },
      "12": {
        "start": { "line": 28, "column": 24 },
        "end": { "line": 28, "column": 49 }
      },
      "13": {
        "start": { "line": 29, "column": 6 },
        "end": { "line": 29, "column": 46 }
      },
      "14": {
        "start": { "line": 31, "column": 6 },
        "end": { "line": 31, "column": 57 }
      },
      "15": {
        "start": { "line": 32, "column": 6 },
        "end": { "line": 32, "column": 16 }
      },
      "16": {
        "start": { "line": 37, "column": 22 },
        "end": { "line": 37, "column": 73 }
      },
      "17": {
        "start": { "line": 38, "column": 4 },
        "end": { "line": 38, "column": 31 }
      },
      "18": {
        "start": { "line": 42, "column": 22 },
        "end": { "line": 42, "column": 73 }
      },
      "19": {
        "start": { "line": 43, "column": 4 },
        "end": { "line": 45, "column": 5 }
      },
      "20": {
        "start": { "line": 44, "column": 6 },
        "end": { "line": 44, "column": 49 }
      },
      "21": {
        "start": { "line": 46, "column": 4 },
        "end": { "line": 46, "column": 31 }
      },
      "22": {
        "start": { "line": 50, "column": 22 },
        "end": { "line": 50, "column": 73 }
      },
      "23": {
        "start": { "line": 51, "column": 4 },
        "end": { "line": 51, "column": 26 }
      },
      "24": {
        "start": { "line": 20, "column": 13 },
        "end": { "line": 20, "column": 24 }
      },
      "25": {
        "start": { "line": 20, "column": 13 },
        "end": { "line": 53, "column": null }
      }
    },
    "fnMap": {
      "0": {
        "name": "(anonymous_11)",
        "decl": {
          "start": { "line": 21, "column": 10 },
          "end": { "line": 21, "column": 22 }
        },
        "loc": {
          "start": { "line": 21, "column": 39 },
          "end": { "line": 34, "column": 3 }
        }
      },
      "1": {
        "name": "(anonymous_12)",
        "decl": {
          "start": { "line": 36, "column": 2 },
          "end": { "line": 36, "column": 5 }
        },
        "loc": {
          "start": { "line": 36, "column": 26 },
          "end": { "line": 39, "column": 3 }
        }
      },
      "2": {
        "name": "(anonymous_13)",
        "decl": {
          "start": { "line": 41, "column": 2 },
          "end": { "line": 41, "column": 12 }
        },
        "loc": {
          "start": { "line": 41, "column": 33 },
          "end": { "line": 47, "column": 3 }
        }
      },
      "3": {
        "name": "(anonymous_14)",
        "decl": {
          "start": { "line": 49, "column": 2 },
          "end": { "line": 49, "column": 8 }
        },
        "loc": {
          "start": { "line": 49, "column": 8 },
          "end": { "line": 52, "column": 3 }
        }
      }
    },
    "branchMap": {
      "0": {
        "loc": {
          "start": { "line": 24, "column": 6 },
          "end": { "line": 26, "column": 7 }
        },
        "type": "if",
        "locations": [
          {
            "start": { "line": 24, "column": 6 },
            "end": { "line": 26, "column": 7 }
          }
        ]
      },
      "1": {
        "loc": {
          "start": { "line": 43, "column": 4 },
          "end": { "line": 45, "column": 5 }
        },
        "type": "if",
        "locations": [
          {
            "start": { "line": 43, "column": 4 },
            "end": { "line": 45, "column": 5 }
          }
        ]
      }
    },
    "s": {
      "0": 1,
      "1": 1,
      "2": 1,
      "3": 1,
      "4": 1,
      "5": 1,
      "6": 1,
      "7": 1,
      "8": 1,
      "9": 1,
      "10": 1,
      "11": 0,
      "12": 0,
      "13": 0,
      "14": 0,
      "15": 0,
      "16": 1,
      "17": 1,
      "18": 0,
      "19": 0,
      "20": 0,
      "21": 0,
      "22": 0,
      "23": 0,
      "24": 1,
      "25": 1
    },
    "f": { "0": 1, "1": 1, "2": 0, "3": 0 },
    "b": { "0": [1], "1": [0] }
  },
  "D:\\projects\\node\\avleon\\core\\src\\helpers.ts": {
    "path": "D:\\projects\\node\\avleon\\core\\src\\helpers.ts",
    "statementMap": {
      "0": {
        "start": { "line": 17, "column": 0 },
        "end": { "line": 17, "column": 16 }
      },
      "1": {
        "start": { "line": 29, "column": 0 },
        "end": { "line": 29, "column": 16 }
      },
      "2": {
        "start": { "line": 50, "column": 0 },
        "end": { "line": 50, "column": 16 }
      },
      "3": {
        "start": { "line": 67, "column": 0 },
        "end": { "line": 67, "column": 16 }
      },
      "4": {
        "start": { "line": 116, "column": 0 },
        "end": { "line": 116, "column": 16 }
      },
      "5": {
        "start": { "line": 120, "column": 0 },
        "end": { "line": 120, "column": 16 }
      },
      "6": {
        "start": { "line": 130, "column": 0 },
        "end": { "line": 130, "column": 16 }
      },
      "7": {
        "start": { "line": 145, "column": 0 },
        "end": { "line": 145, "column": 16 }
      },
      "8": {
        "start": { "line": 162, "column": 0 },
        "end": { "line": 162, "column": 16 }
      },
      "9": {
        "start": { "line": 177, "column": 0 },
        "end": { "line": 177, "column": 16 }
      },
      "10": {
        "start": { "line": 185, "column": 0 },
        "end": { "line": 185, "column": 16 }
      },
      "11": {
        "start": { "line": 193, "column": 0 },
        "end": { "line": 193, "column": 16 }
      },
      "12": {
        "start": { "line": 202, "column": 0 },
        "end": { "line": 202, "column": 16 }
      },
      "13": {
        "start": { "line": 224, "column": 0 },
        "end": { "line": 224, "column": 7 }
      },
      "14": {
        "start": { "line": 258, "column": 0 },
        "end": { "line": 258, "column": 16 }
      },
      "15": {
        "start": { "line": 276, "column": 0 },
        "end": { "line": 276, "column": 16 }
      },
      "16": {
        "start": { "line": 302, "column": 0 },
        "end": { "line": 302, "column": 16 }
      },
      "17": {
        "start": { "line": 7, "column": 0 },
        "end": { "line": 7, "column": 69 }
      },
      "18": {
        "start": { "line": 8, "column": 0 },
        "end": { "line": 8, "column": 54 }
      },
      "19": {
        "start": { "line": 9, "column": 0 },
        "end": { "line": 9, "column": 20 }
      },
      "20": {
        "start": { "line": 10, "column": 0 },
        "end": { "line": 10, "column": 36 }
      },
      "21": {
        "start": { "line": 11, "column": 0 },
        "end": { "line": 11, "column": 63 }
      },
      "22": {
        "start": { "line": 12, "column": 0 },
        "end": { "line": 12, "column": 38 }
      },
      "23": {
        "start": { "line": 13, "column": 0 },
        "end": { "line": 13, "column": 77 }
      },
      "24": {
        "start": { "line": 15, "column": 13 },
        "end": { "line": 15, "column": 40 }
      },
      "25": {
        "start": { "line": 18, "column": 2 },
        "end": { "line": 24, "column": 3 }
      },
      "26": {
        "start": { "line": 19, "column": 4 },
        "end": { "line": 19, "column": 30 }
      },
      "27": {
        "start": { "line": 21, "column": 4 },
        "end": { "line": 23, "column": 6 }
      },
      "28": {
        "start": { "line": 30, "column": 2 },
        "end": { "line": 32, "column": 3 }
      },
      "29": {
        "start": { "line": 31, "column": 4 },
        "end": { "line": 31, "column": 17 }
      },
      "30": {
        "start": { "line": 34, "column": 2 },
        "end": { "line": 36, "column": 3 }
      },
      "31": {
        "start": { "line": 35, "column": 4 },
        "end": { "line": 35, "column": 17 }
      },
      "32": {
        "start": { "line": 38, "column": 2 },
        "end": { "line": 40, "column": 3 }
      },
      "33": {
        "start": { "line": 39, "column": 4 },
        "end": { "line": 39, "column": 16 }
      },
      "34": {
        "start": { "line": 42, "column": 2 },
        "end": { "line": 47, "column": 3 }
      },
      "35": {
        "start": { "line": 43, "column": 21 },
        "end": { "line": 43, "column": 40 }
      },
      "36": {
        "start": { "line": 44, "column": 4 },
        "end": { "line": 44, "column": 40 }
      },
      "37": {
        "start": { "line": 46, "column": 4 },
        "end": { "line": 46, "column": 17 }
      },
      "38": {
        "start": { "line": 51, "column": 2 },
        "end": { "line": 53, "column": 3 }
      },
      "39": {
        "start": { "line": 52, "column": 4 },
        "end": { "line": 52, "column": 49 }
      },
      "40": {
        "start": { "line": 54, "column": 2 },
        "end": { "line": 54, "column": 21 }
      },
      "41": {
        "start": { "line": 56, "column": 2 },
        "end": { "line": 58, "column": 3 }
      },
      "42": {
        "start": { "line": 57, "column": 4 },
        "end": { "line": 57, "column": 22 }
      },
      "43": {
        "start": { "line": 59, "column": 2 },
        "end": { "line": 59, "column": 37 }
      },
      "44": {
        "start": { "line": 60, "column": 2 },
        "end": { "line": 62, "column": 3 }
      },
      "45": {
        "start": { "line": 61, "column": 4 },
        "end": { "line": 61, "column": 29 }
      },
      "46": {
        "start": { "line": 64, "column": 2 },
        "end": { "line": 64, "column": 14 }
      },
      "47": {
        "start": { "line": 68, "column": 2 },
        "end": { "line": 68, "column": 54 }
      },
      "48": {
        "start": { "line": 70, "column": 32 },
        "end": { "line": 84, "column": 1 }
      },
      "49": {
        "start": { "line": 71, "column": 2 },
        "end": { "line": 83, "column": 3 }
      },
      "50": {
        "start": { "line": 72, "column": 19 },
        "end": { "line": 72, "column": 45 }
      },
      "51": {
        "start": { "line": 73, "column": 19 },
        "end": { "line": 77, "column": null }
      },
      "52": {
        "start": { "line": 79, "column": 4 },
        "end": { "line": 79, "column": 29 }
      },
      "53": {
        "start": { "line": 81, "column": 4 },
        "end": { "line": 81, "column": 21 }
      },
      "54": {
        "start": { "line": 82, "column": 4 },
        "end": { "line": 82, "column": 17 }
      },
      "55": {
        "start": { "line": 70, "column": 13 },
        "end": { "line": 70, "column": 32 }
      },
      "56": {
        "start": { "line": 90, "column": 29 },
        "end": { "line": 114, "column": 1 }
      },
      "57": {
        "start": { "line": 94, "column": 16 },
        "end": { "line": 94, "column": 18 }
      },
      "58": {
        "start": { "line": 95, "column": 2 },
        "end": { "line": 113, "column": 3 }
      },
      "59": {
        "start": { "line": 96, "column": 24 },
        "end": { "line": 96, "column": 57 }
      },
      "60": {
        "start": { "line": 97, "column": 18 },
        "end": { "line": 97, "column": 41 }
      },
      "61": {
        "start": { "line": 98, "column": 4 },
        "end": { "line": 108, "column": 5 }
      },
      "62": {
        "start": { "line": 98, "column": 17 },
        "end": { "line": 98, "column": 18 }
      },
      "63": {
        "start": { "line": 99, "column": 20 },
        "end": { "line": 99, "column": 41 }
      },
      "64": {
        "start": { "line": 101, "column": 6 },
        "end": { "line": 107, "column": 7 }
      },
      "65": {
        "start": { "line": 102, "column": 8 },
        "end": { "line": 102, "column": 27 }
      },
      "66": {
        "start": { "line": 103, "column": 8 },
        "end": { "line": 106, "column": 11 }
      },
      "67": {
        "start": { "line": 110, "column": 4 },
        "end": { "line": 110, "column": 19 }
      },
      "68": {
        "start": { "line": 112, "column": 4 },
        "end": { "line": 112, "column": 19 }
      },
      "69": {
        "start": { "line": 90, "column": 13 },
        "end": { "line": 90, "column": 29 }
      },
      "70": {
        "start": { "line": 117, "column": 2 },
        "end": { "line": 117, "column": 71 }
      },
      "71": {
        "start": { "line": 121, "column": 20 },
        "end": { "line": 123, "column": 59 }
      },
      "72": {
        "start": { "line": 123, "column": 19 },
        "end": { "line": 123, "column": 58 }
      },
      "73": {
        "start": { "line": 124, "column": 2 },
        "end": { "line": 127, "column": 6 }
      },
      "74": {
        "start": { "line": 124, "column": 31 },
        "end": { "line": 127, "column": 4 }
      },
      "75": {
        "start": { "line": 131, "column": 15 },
        "end": { "line": 131, "column": 24 }
      },
      "76": {
        "start": { "line": 132, "column": 21 },
        "end": { "line": 132, "column": 30 }
      },
      "77": {
        "start": { "line": 134, "column": 2 },
        "end": { "line": 140, "column": 3 }
      },
      "78": {
        "start": { "line": 135, "column": 4 },
        "end": { "line": 139, "column": 5 }
      },
      "79": {
        "start": { "line": 136, "column": 6 },
        "end": { "line": 136, "column": 26 }
      },
      "80": {
        "start": { "line": 138, "column": 6 },
        "end": { "line": 138, "column": 20 }
      },
      "81": {
        "start": { "line": 142, "column": 2 },
        "end": { "line": 142, "column": 44 }
      },
      "82": {
        "start": { "line": 146, "column": 2 },
        "end": { "line": 160, "column": 3 }
      },
      "83": {
        "start": { "line": 148, "column": 6 },
        "end": { "line": 150, "column": 7 }
      },
      "84": {
        "start": { "line": 149, "column": 8 },
        "end": { "line": 149, "column": 23 }
      },
      "85": {
        "start": { "line": 151, "column": 6 },
        "end": { "line": 151, "column": 22 }
      },
      "86": {
        "start": { "line": 153, "column": 6 },
        "end": { "line": 153, "column": 22 }
      },
      "87": {
        "start": { "line": 155, "column": 6 },
        "end": { "line": 155, "column": 22 }
      },
      "88": {
        "start": { "line": 157, "column": 6 },
        "end": { "line": 157, "column": 23 }
      },
      "89": {
        "start": { "line": 159, "column": 6 },
        "end": { "line": 159, "column": 26 }
      },
      "90": {
        "start": { "line": 163, "column": 2 },
        "end": { "line": 163, "column": 57 }
      },
      "91": {
        "start": { "line": 163, "column": 45 },
        "end": { "line": 163, "column": 57 }
      },
      "92": {
        "start": { "line": 165, "column": 2 },
        "end": { "line": 174, "column": 3 }
      },
      "93": {
        "start": { "line": 167, "column": 6 },
        "end": { "line": 167, "column": 39 }
      },
      "94": {
        "start": { "line": 169, "column": 6 },
        "end": { "line": 169, "column": 64 }
      },
      "95": {
        "start": { "line": 171, "column": 6 },
        "end": { "line": 171, "column": 40 }
      },
      "96": {
        "start": { "line": 173, "column": 6 },
        "end": { "line": 173, "column": 43 }
      },
      "97": {
        "start": { "line": 178, "column": 2 },
        "end": { "line": 182, "column": 3 }
      },
      "98": {
        "start": { "line": 179, "column": 4 },
        "end": { "line": 179, "column": 29 }
      },
      "99": {
        "start": { "line": 181, "column": 4 },
        "end": { "line": 181, "column": 17 }
      },
      "100": {
        "start": { "line": 186, "column": 2 },
        "end": { "line": 190, "column": 3 }
      },
      "101": {
        "start": { "line": 187, "column": 4 },
        "end": { "line": 187, "column": 29 }
      },
      "102": {
        "start": { "line": 189, "column": 4 },
        "end": { "line": 189, "column": 17 }
      },
      "103": {
        "start": { "line": 194, "column": 2 },
        "end": { "line": 199, "column": 3 }
      },
      "104": {
        "start": { "line": 195, "column": 24 },
        "end": { "line": 195, "column": 41 }
      },
      "105": {
        "start": { "line": 196, "column": 4 },
        "end": { "line": 196, "column": 50 }
      },
      "106": {
        "start": { "line": 198, "column": 4 },
        "end": { "line": 198, "column": 17 }
      },
      "107": {
        "start": { "line": 206, "column": 2 },
        "end": { "line": 209, "column": 5 }
      },
      "108": {
        "start": { "line": 212, "column": 37 },
        "end": { "line": 222, "column": 1 }
      },
      "109": {
        "start": { "line": 213, "column": 2 },
        "end": { "line": 221, "column": 3 }
      },
      "110": {
        "start": { "line": 214, "column": 19 },
        "end": { "line": 214, "column": 45 }
      },
      "111": {
        "start": { "line": 215, "column": 19 },
        "end": { "line": 217, "column": 68 }
      },
      "112": {
        "start": { "line": 218, "column": 4 },
        "end": { "line": 218, "column": 29 }
      },
      "113": {
        "start": { "line": 220, "column": 4 },
        "end": { "line": 220, "column": 17 }
      },
      "114": {
        "start": { "line": 212, "column": 13 },
        "end": { "line": 212, "column": 37 }
      },
      "115": {
        "start": { "line": 229, "column": 2 },
        "end": { "line": 250, "column": 3 }
      },
      "116": {
        "start": { "line": 230, "column": 33 },
        "end": { "line": 230, "column": 59 }
      },
      "117": {
        "start": { "line": 231, "column": 32 },
        "end": { "line": 231, "column": 60 }
      },
      "118": {
        "start": { "line": 232, "column": 4 },
        "end": { "line": 232, "column": 59 }
      },
      "119": {
        "start": { "line": 234, "column": 4 },
        "end": { "line": 249, "column": 5 }
      },
      "120": {
        "start": { "line": 236, "column": 8 },
        "end": { "line": 245, "column": 15 }
      },
      "121": {
        "start": { "line": 239, "column": 14 },
        "end": { "line": 239, "column": 46 }
      },
      "122": {
        "start": { "line": 240, "column": 14 },
        "end": { "line": 240, "column": 25 }
      },
      "123": {
        "start": { "line": 242, "column": 30 },
        "end": { "line": 245, "column": 14 }
      },
      "124": {
        "start": { "line": 246, "column": 6 },
        "end": { "line": 246, "column": 20 }
      },
      "125": {
        "start": { "line": 248, "column": 6 },
        "end": { "line": 248, "column": 65 }
      },
      "126": {
        "start": { "line": 263, "column": 2 },
        "end": { "line": 263, "column": 70 }
      },
      "127": {
        "start": { "line": 263, "column": 38 },
        "end": { "line": 263, "column": 70 }
      },
      "128": {
        "start": { "line": 264, "column": 16 },
        "end": { "line": 264, "column": 73 }
      },
      "129": {
        "start": { "line": 266, "column": 4 },
        "end": { "line": 272, "column": 76 }
      },
      "130": {
        "start": { "line": 269, "column": 10 },
        "end": { "line": 269, "column": 42 }
      },
      "131": {
        "start": { "line": 270, "column": 10 },
        "end": { "line": 270, "column": 21 }
      },
      "132": {
        "start": { "line": 272, "column": 26 },
        "end": { "line": 272, "column": 74 }
      },
      "133": {
[...]
          "end": { "line": 316, "column": 38 }
        },
        "type": "if",
        "locations": [
          {
            "start": { "line": 316, "column": 6 },
            "end": { "line": 316, "column": 38 }
          }
        ]
      },
      "36": {
        "loc": {
          "start": { "line": 320, "column": 11 },
          "end": { "line": 320, "column": 42 }
        },
        "type": "cond-expr",
        "locations": [
          {
            "start": { "line": 320, "column": 17 },
            "end": { "line": 320, "column": 20 }
          },
          {
            "start": { "line": 320, "column": 17 },
            "end": { "line": 320, "column": 42 }
          }
        ]
      },
      "37": {
        "loc": {
          "start": { "line": 320, "column": 11 },
          "end": { "line": 320, "column": 20 }
        },
        "type": "binary-expr",
        "locations": [
          {
            "start": { "line": 320, "column": 11 },
            "end": { "line": 320, "column": 20 }
          },
          {
            "start": { "line": 320, "column": 11 },
            "end": { "line": 320, "column": 20 }
          }
        ]
      }
    },
    "s": {
      "0": 1,
      "1": 1,
      "2": 1,
      "3": 1,
      "4": 1,
      "5": 1,
      "6": 1,
      "7": 1,
      "8": 1,
      "9": 1,
      "10": 1,
      "11": 1,
      "12": 1,
      "13": 1,
      "14": 1,
      "15": 1,
      "16": 1,
      "17": 1,
      "18": 1,
      "19": 1,
      "20": 1,
      "21": 1,
      "22": 1,
      "23": 1,
      "24": 1,
      "25": 1,
      "26": 1,
      "27": 0,
      "28": 0,
      "29": 0,
      "30": 0,
      "31": 0,
      "32": 0,
      "33": 0,
      "34": 0,
      "35": 0,
      "36": 0,
      "37": 0,
      "38": 0,
      "39": 0,
      "40": 0,
      "41": 0,
      "42": 0,
      "43": 0,
      "44": 0,
      "45": 0,
      "46": 0,
      "47": 0,
      "48": 1,
      "49": 0,
      "50": 0,
      "51": 0,
      "52": 0,
      "53": 0,
      "54": 0,
      "55": 1,
      "56": 1,
      "57": 0,
      "58": 0,
      "59": 0,
      "60": 0,
      "61": 0,
      "62": 0,
      "63": 0,
      "64": 0,
      "65": 0,
      "66": 0,
      "67": 0,
      "68": 0,
      "69": 1,
      "70": 0,
      "71": 0,
      "72": 0,
      "73": 0,
      "74": 0,
      "75": 0,
      "76": 0,
      "77": 0,
      "78": 0,
      "79": 0,
      "80": 0,
      "81": 0,
      "82": 0,
      "83": 0,
      "84": 0,
      "85": 0,
      "86": 0,
      "87": 0,
      "88": 0,
      "89": 0,
      "90": 0,
      "91": 0,
      "92": 0,
      "93": 0,
      "94": 0,
      "95": 0,
      "96": 0,
      "97": 0,
      "98": 0,
      "99": 0,
      "100": 0,
      "101": 0,
      "102": 0,
      "103": 0,
      "104": 0,
      "105": 0,
      "106": 0,
      "107": 0,
      "108": 1,
      "109": 0,
      "110": 0,
      "111": 0,
      "112": 0,
      "113": 0,
      "114": 1,
      "115": 0,
      "116": 0,
      "117": 0,
      "118": 0,
      "119": 0,
      "120": 0,
      "121": 0,
      "122": 0,
      "123": 0,
      "124": 0,
      "125": 0,
      "126": 0,
      "127": 0,
      "128": 0,
      "129": 0,
      "130": 0,
      "131": 0,
      "132": 0,
      "133": 0,
      "134": 0,
      "135": 0,
      "136": 0,
      "137": 0,
      "138": 0,
      "139": 0,
      "140": 0,
      "141": 0,
      "142": 0,
      "143": 0,
      "144": 0,
      "145": 0,
      "146": 0,
      "147": 0,
      "148": 0,
      "149": 0,
      "150": 0,
      "151": 0,
      "152": 0,
      "153": 0,
      "154": 0,
      "155": 0,
      "156": 0,
      "157": 0,
      "158": 0,
      "159": 0,
      "160": 0,
      "161": 0,
      "162": 0,
      "163": 0
    },
    "f": {
      "0": 1,
      "1": 0,
      "2": 0,
      "3": 0,
      "4": 0,
      "5": 0,
      "6": 0,
      "7": 0,
      "8": 0,
      "9": 0,
      "10": 0,
      "11": 0,
      "12": 0,
      "13": 0,
      "14": 0,
      "15": 0,
      "16": 0,
      "17": 0,
      "18": 0,
      "19": 0,
      "20": 0,
      "21": 0,
      "22": 0,
      "23": 0,
      "24": 0,
      "25": 0,
      "26": 0
    },
    "b": {
      "0": [0],
      "1": [0],
      "2": [0, 0],
      "3": [0],
      "4": [0, 0],
      "5": [0],
      "6": [0],
      "7": [0],
      "8": [0, 0],
      "9": [0],
      "10": [0, 0],
      "11": [0, 0],
      "12": [0],
      "13": [0],
      "14": [0, 0],
      "15": [0, 0],
      "16": [0, 0, 0, 0, 0],
      "17": [0],
      "18": [0],
      "19": [0, 0],
      "20": [0, 0, 0, 0],
      "21": [0, 0],
      "22": [0],
      "23": [0],
      "24": [0, 0],
      "25": [0, 0],
      "26": [0, 0],
      "27": [0],
      "28": [0],
      "29": [0, 0],
      "30": [0, 0],
      "31": [0],
      "32": [0, 0],
      "33": [0, 0],
      "34": [0],
      "35": [0],
      "36": [0, 0],
      "37": [0, 0]
    }
  },
  "D:\\projects\\node\\avleon\\core\\src\\exceptions\\http-exceptions.ts": {
    "path": "D:\\projects\\node\\avleon\\core\\src\\exceptions\\http-exceptions.ts",
    "statementMap": {
      "0": {
        "start": { "line": 11, "column": 4 },
        "end": { "line": 11, "column": 35 }
      },
      "1": {
        "start": { "line": 8, "column": 2 },
        "end": { "line": 8, "column": 21 }
      },
      "2": {
        "start": { "line": 9, "column": 2 },
        "end": { "line": 9, "column": 33 }
      },
      "3": {
        "start": { "line": 14, "column": 4 },
        "end": { "line": 14, "column": 16 }
      },
      "4": {
        "start": { "line": 7, "column": 0 },
        "end": { "line": 7, "column": 22 }
      },
      "5": {
        "start": { "line": 23, "column": 4 },
        "end": { "line": 23, "column": 19 }
      },
      "6": {
        "start": { "line": 19, "column": 2 },
        "end": { "line": 19, "column": 30 }
      },
      "7": {
        "start": { "line": 20, "column": 2 },
        "end": { "line": 20, "column": 21 }
      },
      "8": {
        "start": { "line": 18, "column": 0 },
        "end": { "line": 18, "column": 13 }
      },
      "9": {
        "start": { "line": 28, "column": 2 },
        "end": { "line": 28, "column": 35 }
      },
      "10": {
        "start": { "line": 27, "column": 0 },
        "end": { "line": 27, "column": 13 }
      },
      "11": {
        "start": { "line": 36, "column": 4 },
        "end": { "line": 36, "column": 19 }
      },
      "12": {
        "start": { "line": 32, "column": 2 },
        "end": { "line": 32, "column": 33 }
      },
      "13": {
        "start": { "line": 33, "column": 2 },
        "end": { "line": 33, "column": 21 }
      },
      "14": {
        "start": { "line": 31, "column": 0 },
        "end": { "line": 31, "column": 13 }
      },
      "15": {
        "start": { "line": 44, "column": 4 },
        "end": { "line": 44, "column": 19 }
      },
      "16": {
        "start": { "line": 41, "column": 2 },
        "end": { "line": 41, "column": 28 }
      },
      "17": {
        "start": { "line": 42, "column": 2 },
        "end": { "line": 42, "column": 21 }
      },
      "18": {
        "start": { "line": 40, "column": 0 },
        "end": { "line": 40, "column": 13 }
      },
      "19": {
        "start": { "line": 52, "column": 4 },
        "end": { "line": 52, "column": 19 }
      },
      "20": {
        "start": { "line": 49, "column": 2 },
        "end": { "line": 49, "column": 32 }
      },
      "21": {
        "start": { "line": 50, "column": 2 },
        "end": { "line": 50, "column": 21 }
      },
      "22": {
        "start": { "line": 48, "column": 0 },
        "end": { "line": 48, "column": 13 }
      },
      "23": {
        "start": { "line": 60, "column": 4 },
        "end": { "line": 60, "column": 19 }
      },
      "24": {
        "start": { "line": 57, "column": 2 },
        "end": { "line": 57, "column": 29 }
      },
      "25": {
        "start": { "line": 58, "column": 2 },
        "end": { "line": 58, "column": 21 }
      },
      "26": {
        "start": { "line": 56, "column": 0 },
        "end": { "line": 56, "column": 13 }
      },
      "27": {
        "start": { "line": 79, "column": 13 },
        "end": { "line": 86, "column": 2 }
      },
      "28": {
        "start": { "line": 80, "column": 35 },
        "end": { "line": 80, "column": 65 }
      },
      "29": {
        "start": { "line": 81, "column": 42 },
        "end": { "line": 81, "column": 79 }
      },
      "30": {
        "start": { "line": 82, "column": 37 },
        "end": { "line": 82, "column": 69 }
      },
      "31": {
        "start": { "line": 83, "column": 39 },
        "end": { "line": 83, "column": 73 }
      },
      "32": {
        "start": { "line": 84, "column": 36 },
        "end": { "line": 84, "column": 67 }
      },
      "33": {
        "start": { "line": 85, "column": 40 },
        "end": { "line": 85, "column": 75 }
      }
    },
    "fnMap": {
      "0": {
        "name": "(anonymous_0)",
        "decl": {
          "start": { "line": 10, "column": 2 },
          "end": { "line": 10, "column": 14 }
        },
        "loc": {
          "start": { "line": 10, "column": 26 },
          "end": { "line": 12, "column": 3 }
        }
      },
      "1": {
        "name": "(anonymous_1)",
        "decl": {
          "start": { "line": 13, "column": 2 },
          "end": { "line": 13, "column": 19 }
        },
        "loc": {
          "start": { "line": 13, "column": 19 },
          "end": { "line": 15, "column": 3 }
        }
      },
      "2": {
        "name": "(anonymous_2)",
        "decl": {
          "start": { "line": 22, "column": 2 },
          "end": { "line": 22, "column": 14 }
        },
        "loc": {
          "start": { "line": 22, "column": 26 },
          "end": { "line": 24, "column": 3 }
        }
      },
      "3": {
        "name": "(anonymous_3)",
        "decl": {
          "start": { "line": 27, "column": 0 },
          "end": { "line": 27, "column": 13 }
        },
        "loc": {
          "start": { "line": 27, "column": 0 },
          "end": { "line": 29, "column": 1 }
        }
      },
      "4": {
        "name": "(anonymous_4)",
        "decl": {
          "start": { "line": 35, "column": 2 },
          "end": { "line": 35, "column": 14 }
        },
        "loc": {
          "start": { "line": 35, "column": 52 },
          "end": { "line": 37, "column": 3 }
        }
      },
      "5": {
        "name": "(anonymous_5)",
        "decl": {
          "start": { "line": 43, "column": 2 },
          "end": { "line": 43, "column": 14 }
        },
        "loc": {
          "start": { "line": 43, "column": 26 },
          "end": { "line": 45, "column": 3 }
        }
      },
      "6": {
        "name": "(anonymous_6)",
        "decl": {
          "start": { "line": 51, "column": 2 },
          "end": { "line": 51, "column": 14 }
        },
        "loc": {
          "start": { "line": 51, "column": 26 },
          "end": { "line": 53, "column": 3 }
        }
      },
      "7": {
        "name": "(anonymous_7)",
        "decl": {
          "start": { "line": 59, "column": 2 },
          "end": { "line": 59, "column": 14 }
        },
        "loc": {
          "start": { "line": 59, "column": 26 },
          "end": { "line": 61, "column": 3 }
        }
      },
      "8": {
        "name": "(anonymous_8)",
        "decl": {
          "start": { "line": 80, "column": 12 },
          "end": { "line": 80, "column": 13 }
        },
        "loc": {
          "start": { "line": 80, "column": 35 },
          "end": { "line": 80, "column": 65 }
        }
      },
      "9": {
        "name": "(anonymous_9)",
        "decl": {
          "start": { "line": 81, "column": 19 },
          "end": { "line": 81, "column": 20 }
        },
        "loc": {
          "start": { "line": 81, "column": 42 },
          "end": { "line": 81, "column": 79 }
        }
      },
      "10": {
        "name": "(anonymous_10)",
        "decl": {
          "start": { "line": 82, "column": 14 },
          "end": { "line": 82, "column": 15 }
        },
        "loc": {
          "start": { "line": 82, "column": 37 },
          "end": { "line": 82, "column": 69 }
        }
      },
      "11": {
        "name": "(anonymous_11)",
        "decl": {
          "start": { "line": 83, "column": 16 },
          "end": { "line": 83, "column": 17 }
        },
        "loc": {
          "start": { "line": 83, "column": 39 },
          "end": { "line": 83, "column": 73 }
        }
      },
      "12": {
        "name": "(anonymous_12)",
        "decl": {
          "start": { "line": 84, "column": 13 },
          "end": { "line": 84, "column": 14 }
        },
        "loc": {
          "start": { "line": 84, "column": 36 },
          "end": { "line": 84, "column": 67 }
        }
      },
      "13": {
        "name": "(anonymous_13)",
        "decl": {
          "start": { "line": 85, "column": 17 },
          "end": { "line": 85, "column": 18 }
        },
        "loc": {
          "start": { "line": 85, "column": 40 },
          "end": { "line": 85, "column": 75 }
        }
      }
    },
    "branchMap": {
      "0": {
        "loc": {
          "start": { "line": 35, "column": 14 },
          "end": { "line": 35, "column": 52 }
        },
        "type": "default-arg",
        "locations": [
          {
            "start": { "line": 35, "column": 29 },
            "end": { "line": 35, "column": 52 }
          }
        ]
      },
      "1": {
        "loc": {
          "start": { "line": 80, "column": 13 },
          "end": { "line": 80, "column": 30 }
        },
        "type": "default-arg",
        "locations": [
          {
            "start": { "line": 80, "column": 28 },
            "end": { "line": 80, "column": 30 }
          }
        ]
      },
      "2": {
        "loc": {
          "start": { "line": 81, "column": 20 },
          "end": { "line": 81, "column": 37 }
        },
        "type": "default-arg",
        "locations": [
          {
            "start": { "line": 81, "column": 35 },
            "end": { "line": 81, "column": 37 }
          }
        ]
      },
      "3": {
        "loc": {
          "start": { "line": 82, "column": 15 },
          "end": { "line": 82, "column": 32 }
        },
        "type": "default-arg",
        "locations": [
          {
            "start": { "line": 82, "column": 30 },
            "end": { "line": 82, "column": 32 }
          }
        ]
      },
      "4": {
        "loc": {
          "start": { "line": 83, "column": 17 },
          "end": { "line": 83, "column": 34 }
        },
        "type": "default-arg",
        "locations": [
          {
            "start": { "line": 83, "column": 32 },
            "end": { "line": 83, "column": 34 }
          }
        ]
      },
      "5": {
        "loc": {
          "start": { "line": 84, "column": 14 },
          "end": { "line": 84, "column": 31 }
        },
        "type": "default-arg",
        "locations": [
          {
            "start": { "line": 84, "column": 29 },
            "end": { "line": 84, "column": 31 }
          }
        ]
      },
      "6": {
        "loc": {
          "start": { "line": 85, "column": 18 },
          "end": { "line": 85, "column": 35 }
        },
        "type": "default-arg",
        "locations": [
          {
            "start": { "line": 85, "column": 33 },
            "end": { "line": 85, "column": 35 }
          }
        ]
      }
    },
    "s": {
      "0": 0,
      "1": 0,
      "2": 0,
      "3": 0,
      "4": 2,
      "5": 0,
      "6": 0,
      "7": 0,
      "8": 2,
      "9": 0,
      "10": 2,
      "11": 0,
      "12": 0,
      "13": 0,
      "14": 2,
      "15": 0,
      "16": 0,
      "17": 0,
      "18": 2,
      "19": 0,
      "20": 0,
      "21": 0,
      "22": 2,
      "23": 0,
      "24": 0,
      "25": 0,
      "26": 2,
      "27": 2,
      "28": 0,
      "29": 0,
      "30": 0,
      "31": 0,
      "32": 0,
      "33": 0
    },
    "f": {
      "0": 0,
      "1": 0,
      "2": 0,
      "3": 0,
      "4": 0,
      "5": 0,
      "6": 0,
      "7": 0,
      "8": 0,
      "9": 0,
      "10": 0,
      "11": 0,
      "12": 0,
      "13": 0
    },
    "b": {
      "0": [0],
      "1": [0],
      "2": [0],
      "3": [0],
      "4": [0],
      "5": [0],
      "6": [0]
    }
  },
  "D:\\projects\\node\\avleon\\core\\src\\exceptions\\index.ts": {
    "path": "D:\\projects\\node\\avleon\\core\\src\\exceptions\\index.ts",
    "statementMap": {
      "0": {
        "start": { "line": 1, "column": 0 },
        "end": { "line": 1, "column": 34 }
      }
    },
    "fnMap": {},
    "branchMap": {},
    "s": { "0": 2 },
    "f": {},
    "b": {}
  },
  "D:\\projects\\node\\avleon\\core\\src\\exceptions\\system-exception.ts": {
    "path": "D:\\projects\\node\\avleon\\core\\src\\exceptions\\system-exception.ts",
    "statementMap": {
      "0": {
        "start": { "line": 17, "column": 4 },
        "end": { "line": 17, "column": 19 }
      },
      "1": {
        "start": { "line": 15, "column": 0 },
        "end": { "line": 15, "column": 13 }
      },
      "2": {
        "start": { "line": 22, "column": 25 },
        "end": { "line": 22, "column": 70 }
      },
      "3": {
        "start": { "line": 23, "column": 18 },
        "end": { "line": 23, "column": 129 }
      },
      "4": {
        "start": { "line": 24, "column": 4 },
        "end": { "line": 26, "column": 71 }
      },
      "5": {
        "start": { "line": 27, "column": 4 },
        "end": { "line": 27, "column": 19 }
      },
      "6": {
        "start": { "line": 20, "column": 0 },
        "end": { "line": 20, "column": 13 }
      },
      "7": {
        "start": { "line": 33, "column": 4 },
        "end": { "line": 33, "column": 56 }
      },
      "8": {
        "start": { "line": 31, "column": 0 },
        "end": { "line": 31, "column": 13 }
      }
    },
    "fnMap": {
      "0": {
        "name": "(anonymous_0)",
        "decl": {
          "start": { "line": 16, "column": 2 },
          "end": { "line": 16, "column": 14 }
        },
        "loc": {
          "start": { "line": 16, "column": 29 },
          "end": { "line": 18, "column": 3 }
        }
      },
      "1": {
        "name": "(anonymous_1)",
        "decl": {
          "start": { "line": 21, "column": 2 },
          "end": { "line": 21, "column": 14 }
        },
        "loc": {
          "start": { "line": 21, "column": 40 },
          "end": { "line": 28, "column": 3 }
        }
      },
      "2": {
        "name": "(anonymous_2)",
        "decl": {
          "start": { "line": 32, "column": 2 },
          "end": { "line": 32, "column": 14 }
        },
        "loc": {
          "start": { "line": 32, "column": 25 },
          "end": { "line": 34, "column": 3 }
        }
      }
    },
    "branchMap": {
      "0": {
        "loc": {
          "start": { "line": 23, "column": 85 },
          "end": { "line": 23, "column": 126 }
        },
        "type": "cond-expr",
        "locations": [
          {
            "start": { "line": 23, "column": 105 },
            "end": { "line": 23, "column": 112 }
          },
          {
            "start": { "line": 23, "column": 115 },
            "end": { "line": 23, "column": 126 }
          }
        ]
      },
      "1": {
        "loc": {
          "start": { "line": 24, "column": 15 },
          "end": { "line": 26, "column": 70 }
        },
        "type": "cond-expr",
        "locations": [
          {
            "start": { "line": 25, "column": 8 },
            "end": { "line": 25, "column": 33 }
          },
          {
            "start": { "line": 26, "column": 8 },
            "end": { "line": 26, "column": 70 }
          }
        ]
      }
    },
    "s": {
      "0": 0,
      "1": 1,
      "2": 0,
      "3": 0,
      "4": 0,
      "5": 0,
      "6": 1,
      "7": 0,
      "8": 1
    },
    "f": { "0": 0, "1": 0, "2": 0 },
    "b": { "0": [0, 0], "1": [0, 0] }
  }
}
