TN:
SF:src\collection.ts
FN:78,(anonymous_1)
FN:82,(anonymous_2)
FN:86,(anonymous_3)
FN:90,(anonymous_4)
FN:98,(anonymous_5)
FN:103,(anonymous_6)
FN:105,(anonymous_7)
FN:109,(anonymous_8)
FN:117,(anonymous_9)
FN:135,(anonymous_10)
FN:139,(anonymous_11)
FN:148,(anonymous_12)
FN:154,(anonymous_13)
FN:158,(anonymous_14)
FN:163,(anonymous_15)
FN:168,(anonymous_16)
FN:171,(anonymous_17)
FN:181,(anonymous_18)
FN:188,(anonymous_19)
FN:194,(anonymous_20)
FN:195,(anonymous_21)
FN:197,(anonymous_22)
FN:198,(anonymous_23)
FN:201,(anonymous_24)
FN:202,(anonymous_25)
FN:205,(anonymous_26)
FN:206,(anonymous_27)
FN:207,(anonymous_28)
FN:210,(anonymous_29)
FN:211,(anonymous_30)
FN:212,(anonymous_31)
FN:215,(anonymous_32)
FN:228,(anonymous_33)
FN:230,(anonymous_34)
FN:238,(anonymous_35)
FN:242,(anonymous_36)
FN:248,(anonymous_37)
FN:261,(anonymous_38)
FN:281,(anonymous_39)
FN:283,(anonymous_40)
FN:287,(anonymous_41)
FN:296,InjectRepository
FN:299,(anonymous_43)
FN:310,(anonymous_44)
FN:315,(anonymous_45)
FN:316,(anonymous_46)
FNF:46
FNH:10
FNDA:4,(anonymous_1)
FNDA:4,(anonymous_2)
FNDA:4,(anonymous_3)
FNDA:2,(anonymous_4)
FNDA:0,(anonymous_5)
FNDA:6,(anonymous_6)
FNDA:0,(anonymous_7)
FNDA:0,(anonymous_8)
FNDA:6,(anonymous_9)
FNDA:2,(anonymous_10)
FNDA:6,(anonymous_11)
FNDA:0,(anonymous_12)
FNDA:0,(anonymous_13)
FNDA:4,(anonymous_14)
FNDA:0,(anonymous_15)
FNDA:0,(anonymous_16)
FNDA:0,(anonymous_17)
FNDA:0,(anonymous_18)
FNDA:0,(anonymous_19)
FNDA:0,(anonymous_20)
FNDA:0,(anonymous_21)
FNDA:0,(anonymous_22)
FNDA:0,(anonymous_23)
FNDA:0,(anonymous_24)
FNDA:0,(anonymous_25)
FNDA:0,(anonymous_26)
FNDA:0,(anonymous_27)
FNDA:0,(anonymous_28)
FNDA:0,(anonymous_29)
FNDA:0,(anonymous_30)
FNDA:0,(anonymous_31)
FNDA:0,(anonymous_32)
FNDA:0,(anonymous_33)
FNDA:0,(anonymous_34)
FNDA:0,(anonymous_35)
FNDA:0,(anonymous_36)
FNDA:0,(anonymous_37)
FNDA:0,(anonymous_38)
FNDA:0,(anonymous_39)
FNDA:4,(anonymous_40)
FNDA:0,(anonymous_41)
FNDA:0,InjectRepository
FNDA:0,(anonymous_43)
FNDA:0,(anonymous_44)
FNDA:0,(anonymous_45)
FNDA:0,(anonymous_46)
DA:7,1
DA:8,1
DA:79,4
DA:83,4
DA:87,4
DA:91,2
DA:92,1
DA:94,1
DA:95,1
DA:99,0
DA:100,0
DA:104,6
DA:105,0
DA:108,6
DA:109,0
DA:112,6
DA:113,0
DA:117,6
DA:118,6
DA:119,6
DA:124,3
DA:126,3
DA:127,3
DA:131,3
DA:136,2
DA:137,0
DA:139,2
DA:140,6
DA:142,2
DA:143,2
DA:145,0
DA:151,0
DA:152,0
DA:154,0
DA:159,4
DA:164,0
DA:165,0
DA:169,0
DA:172,0
DA:173,0
DA:174,0
DA:175,0
DA:177,0
DA:182,0
DA:183,0
DA:184,0
DA:189,0
DA:190,0
DA:191,0
DA:195,0
DA:198,0
DA:202,0
DA:206,0
DA:207,0
DA:211,0
DA:212,0
DA:216,0
DA:217,0
DA:218,0
DA:219,0
DA:220,0
DA:229,0
DA:230,0
DA:239,0
DA:245,0
DA:249,0
DA:250,0
DA:251,0
DA:252,0
DA:253,0
DA:254,0
DA:255,0
DA:257,0
DA:262,0
DA:263,0
DA:265,0
DA:270,0
DA:280,1
DA:284,4
DA:290,0
DA:292,0
DA:296,1
DA:299,0
DA:305,0
DA:306,0
DA:311,0
DA:313,0
DA:316,0
DA:319,0
DA:324,0
DA:334,0
DA:338,0
DA:339,0
DA:340,0
LF:94
LH:28
BRDA:91,0,0,1
BRDA:104,1,0,0
BRDA:108,2,0,0
BRDA:112,3,0,0
BRDA:119,4,0,3
BRDA:120,5,0,6
BRDA:120,5,1,6
BRDA:120,5,2,3
BRDA:126,6,0,3
BRDA:126,7,0,3
BRDA:126,7,1,3
BRDA:136,8,0,0
BRDA:142,9,0,2
BRDA:151,10,0,0
BRDA:173,11,0,0
BRDA:173,11,1,0
BRDA:183,12,0,0
BRDA:190,13,0,0
BRDA:216,14,0,0
BRDA:216,14,1,0
BRDA:216,15,0,0
BRDA:216,15,1,0
BRDA:216,16,0,0
BRDA:216,16,1,0
BRDA:217,17,0,0
BRDA:217,17,1,0
BRDA:217,18,0,0
BRDA:217,18,1,0
BRDA:217,19,0,0
BRDA:217,19,1,0
BRDA:223,20,0,0
BRDA:223,20,1,0
BRDA:229,21,0,0
BRDA:230,22,0,0
BRDA:230,22,1,0
BRDA:230,23,0,0
BRDA:230,23,1,0
BRDA:249,24,0,0
BRDA:262,25,0,0
BRDA:262,25,1,0
BRDA:262,26,0,0
BRDA:262,26,1,0
BRDA:262,27,0,0
BRDA:262,27,1,0
BRDA:263,28,0,0
BRDA:263,28,1,0
BRDA:263,29,0,0
BRDA:263,29,1,0
BRDA:263,30,0,0
BRDA:263,30,1,0
BRDA:273,31,0,0
BRDA:273,31,1,0
BRDA:274,32,0,0
BRDA:274,32,1,0
BRDA:317,33,0,0
BRDA:320,34,0,0
BRDA:320,34,1,0
BRDA:321,35,0,0
BRDA:321,35,1,0
BRDA:326,36,0,0
BRDA:326,36,1,0
BRDA:328,37,0,0
BRDA:328,37,1,0
BRDA:339,38,0,0
BRDA:339,39,0,0
BRDA:339,39,1,0
BRF:66
BRH:9
end_of_record
TN:
SF:src\config.ts
FN:15,Config
FN:20,(anonymous_1)
FN:50,GetConfig
FN:72,CreateConfig
FNF:4
FNH:3
FNDA:1,Config
FNDA:0,(anonymous_1)
FNDA:2,GetConfig
FNDA:1,CreateConfig
DA:7,1
DA:8,1
DA:9,1
DA:15,1
DA:16,1
DA:19,1
DA:21,0
DA:22,0
DA:23,0
DA:25,0
DA:50,1
DA:52,2
DA:57,1
DA:58,1
DA:59,0
DA:61,1
DA:65,1
DA:66,1
DA:67,0
DA:69,1
DA:72,1
DA:77,1
DA:78,1
DA:80,0
DA:83,1
DA:84,1
LF:26
LH:19
BRDA:22,0,0,0
BRDA:52,1,0,1
BRDA:53,2,0,2
BRDA:53,2,1,1
BRDA:53,2,2,1
BRDA:58,3,0,0
BRDA:66,4,0,0
BRF:7
BRH:4
end_of_record
TN:
SF:src\container.ts
FN:29,registerController
FN:32,registerService
FN:37,getRegisteredServices
FN:40,getRegisteredControllers
FN:46,isApiController
FN:51,registerDataSource
FNF:6
FNH:0
FNDA:0,registerController
FNDA:0,registerService
FNDA:0,getRegisteredServices
FNDA:0,getRegisteredControllers
FNDA:0,isApiController
FNDA:0,registerDataSource
DA:7,1
DA:10,1
DA:11,1
DA:12,1
DA:13,1
DA:14,1
DA:15,1
DA:16,1
DA:17,1
DA:18,1
DA:19,1
DA:20,1
DA:21,1
DA:23,1
DA:24,1
DA:25,1
DA:27,1
DA:29,1
DA:30,0
DA:32,1
DA:33,0
DA:34,0
DA:37,1
DA:38,0
DA:40,1
DA:41,0
DA:44,1
DA:46,1
DA:47,0
DA:49,1
DA:51,1
DA:52,0
DA:54,1
LF:33
LH:26
BRF:0
BRH:0
end_of_record
TN:
SF:src\environment-variables.ts
FN:21,(anonymous_11)
FN:36,(anonymous_12)
FN:41,(anonymous_13)
FN:49,(anonymous_14)
FNF:4
FNH:2
FNDA:1,(anonymous_11)
FNDA:1,(anonymous_12)
FNDA:0,(anonymous_13)
FNDA:0,(anonymous_14)
DA:8,1
DA:9,1
DA:10,1
DA:11,1
DA:12,1
DA:17,1
DA:20,1
DA:22,1
DA:23,1
DA:24,1
DA:25,1
DA:27,0
DA:28,0
DA:29,0
DA:31,0
DA:32,0
DA:37,1
DA:38,1
DA:42,0
DA:43,0
DA:44,0
DA:46,0
DA:50,0
DA:51,0
LF:24
LH:13
BRDA:24,0,0,1
BRDA:43,1,0,0
BRF:2
BRH:1
end_of_record
TN:
SF:src\helpers.ts
FN:17,inject
FN:29,isConstructor
FN:50,formatUrl
FN:67,parsedPath
FN:70,(anonymous_5)
FN:90,(anonymous_6)
FN:116,normalizePath
FN:120,extrctParamFromUrl
FN:123,(anonymous_9)
FN:124,(anonymous_10)
FN:130,findDuplicates
FN:145,getDataType
FN:162,isValidType
FN:177,isValidJsonString
FN:185,jsonToJs
FN:193,jsonToInstance
FN:202,transformObjectByInstanceToObject
FN:212,(anonymous_18)
FN:224,validateObjectByInstance
FN:237,(anonymous_20)
FN:242,(anonymous_21)
FN:258,validateRequestBody
FN:267,(anonymous_23)
FN:272,(anonymous_24)
FN:276,pick
FN:302,exclude
FN:307,(anonymous_27)
FNF:27
FNH:1
FNDA:1,inject
FNDA:0,isConstructor
FNDA:0,formatUrl
FNDA:0,parsedPath
FNDA:0,(anonymous_5)
FNDA:0,(anonymous_6)
FNDA:0,normalizePath
FNDA:0,extrctParamFromUrl
FNDA:0,(anonymous_9)
FNDA:0,(anonymous_10)
FNDA:0,findDuplicates
FNDA:0,getDataType
FNDA:0,isValidType
FNDA:0,isValidJsonString
FNDA:0,jsonToJs
FNDA:0,jsonToInstance
FNDA:0,transformObjectByInstanceToObject
FNDA:0,(anonymous_18)
FNDA:0,validateObjectByInstance
FNDA:0,(anonymous_20)
FNDA:0,(anonymous_21)
FNDA:0,validateRequestBody
FNDA:0,(anonymous_23)
FNDA:0,(anonymous_24)
FNDA:0,pick
FNDA:0,exclude
FNDA:0,(anonymous_27)
DA:7,1
DA:8,1
DA:9,1
DA:10,1
DA:11,1
DA:12,1
DA:13,1
DA:15,1
DA:17,1
DA:18,1
DA:19,1
DA:21,0
DA:29,1
DA:30,0
DA:31,0
DA:34,0
DA:35,0
DA:38,0
DA:39,0
DA:42,0
DA:43,0
DA:44,0
DA:46,0
DA:50,1
DA:51,0
DA:52,0
DA:54,0
DA:56,0
DA:57,0
DA:59,0
DA:60,0
DA:61,0
DA:64,0
DA:67,1
DA:68,0
DA:70,1
DA:71,0
DA:72,0
DA:73,0
DA:79,0
DA:81,0
DA:82,0
DA:90,1
DA:94,0
DA:95,0
DA:96,0
DA:97,0
DA:98,0
DA:99,0
DA:101,0
DA:102,0
DA:103,0
DA:110,0
DA:112,0
DA:116,1
DA:117,0
DA:120,1
DA:121,0
DA:123,0
DA:124,0
DA:130,1
DA:131,0
DA:132,0
DA:134,0
DA:135,0
DA:136,0
DA:138,0
DA:142,0
DA:145,1
DA:146,0
DA:148,0
DA:149,0
DA:151,0
DA:153,0
DA:155,0
DA:157,0
DA:159,0
DA:162,1
DA:163,0
DA:165,0
DA:167,0
DA:169,0
DA:171,0
DA:173,0
DA:177,1
DA:178,0
DA:179,0
DA:181,0
DA:185,1
DA:186,0
DA:187,0
DA:189,0
DA:193,1
DA:194,0
DA:195,0
DA:196,0
DA:198,0
DA:202,1
DA:206,0
DA:212,1
DA:213,0
DA:214,0
DA:215,0
DA:218,0
DA:220,0
DA:224,1
DA:229,0
DA:230,0
DA:231,0
DA:232,0
DA:234,0
DA:236,0
DA:239,0
DA:240,0
DA:242,0
DA:246,0
DA:248,0
DA:258,1
DA:263,0
DA:264,0
DA:266,0
DA:269,0
DA:270,0
DA:272,0
DA:273,0
DA:276,1
DA:277,0
DA:279,0
DA:280,0
DA:281,0
DA:282,0
DA:284,0
DA:285,0
DA:287,0
DA:289,0
DA:290,0
DA:292,0
DA:293,0
DA:294,0
DA:299,0
DA:302,1
DA:306,0
DA:307,0
DA:310,0
DA:311,0
DA:312,0
DA:313,0
DA:315,0
DA:316,0
DA:317,0
DA:320,0
DA:323,0
LF:152
LH:30
BRDA:30,0,0,0
BRDA:34,1,0,0
BRDA:34,2,0,0
BRDA:34,2,1,0
BRDA:38,3,0,0
BRDA:38,4,0,0
BRDA:38,4,1,0
BRDA:51,5,0,0
BRDA:56,6,0,0
BRDA:60,7,0,0
BRDA:68,8,0,0
BRDA:68,8,1,0
BRDA:101,9,0,0
BRDA:105,10,0,0
BRDA:105,10,1,0
BRDA:105,11,0,0
BRDA:105,11,1,0
BRDA:116,12,0,0
BRDA:116,13,0,0
BRDA:123,14,0,0
BRDA:123,14,1,0
BRDA:135,15,0,0
BRDA:135,15,1,0
BRDA:146,16,0,0
BRDA:146,16,1,0
BRDA:146,16,2,0
BRDA:146,16,3,0
BRDA:146,16,4,0
BRDA:148,17,0,0
BRDA:163,18,0,0
BRDA:163,19,0,0
BRDA:163,19,1,0
BRDA:165,20,0,0
BRDA:165,20,1,0
BRDA:165,20,2,0
BRDA:165,20,3,0
BRDA:169,21,0,0
BRDA:169,21,1,0
BRDA:226,22,0,0
BRDA:227,23,0,0
BRDA:234,24,0,0
BRDA:234,24,1,0
BRDA:234,25,0,0
BRDA:234,25,1,0
BRDA:236,26,0,0
BRDA:236,26,1,0
BRDA:261,27,0,0
BRDA:263,28,0,0
BRDA:264,29,0,0
BRDA:264,29,1,0
BRDA:266,30,0,0
BRDA:266,30,1,0
BRDA:287,31,0,0
BRDA:289,32,0,0
BRDA:289,32,1,0
BRDA:293,33,0,0
BRDA:293,33,1,0
BRDA:306,34,0,0
BRDA:316,35,0,0
BRDA:320,36,0,0
BRDA:320,36,1,0
BRDA:320,37,0,0
BRDA:320,37,1,0
BRF:63
BRH:0
end_of_record
TN:
SF:src\exceptions\http-exceptions.ts
FN:10,(anonymous_0)
FN:13,(anonymous_1)
FN:22,(anonymous_2)
FN:27,(anonymous_3)
FN:35,(anonymous_4)
FN:43,(anonymous_5)
FN:51,(anonymous_6)
FN:59,(anonymous_7)
FN:80,(anonymous_8)
FN:81,(anonymous_9)
FN:82,(anonymous_10)
FN:83,(anonymous_11)
FN:84,(anonymous_12)
FN:85,(anonymous_13)
FNF:14
FNH:0
FNDA:0,(anonymous_0)
FNDA:0,(anonymous_1)
FNDA:0,(anonymous_2)
FNDA:0,(anonymous_3)
FNDA:0,(anonymous_4)
FNDA:0,(anonymous_5)
FNDA:0,(anonymous_6)
FNDA:0,(anonymous_7)
FNDA:0,(anonymous_8)
FNDA:0,(anonymous_9)
FNDA:0,(anonymous_10)
FNDA:0,(anonymous_11)
FNDA:0,(anonymous_12)
FNDA:0,(anonymous_13)
DA:7,2
DA:8,0
DA:9,0
DA:11,0
DA:14,0
DA:18,2
DA:19,0
DA:20,0
DA:23,0
DA:27,2
DA:28,0
DA:31,2
DA:32,0
DA:33,0
DA:36,0
DA:40,2
DA:41,0
DA:42,0
DA:44,0
DA:48,2
DA:49,0
DA:50,0
DA:52,0
DA:56,2
DA:57,0
DA:58,0
DA:60,0
DA:79,2
DA:80,0
DA:81,0
DA:82,0
DA:83,0
DA:84,0
DA:85,0
LF:34
LH:8
BRDA:35,0,0,0
BRDA:80,1,0,0
BRDA:81,2,0,0
BRDA:82,3,0,0
BRDA:83,4,0,0
BRDA:84,5,0,0
BRDA:85,6,0,0
BRF:7
BRH:0
end_of_record
TN:
SF:src\exceptions\index.ts
FNF:0
FNH:0
DA:1,2
LF:1
LH:1
BRF:0
BRH:0
end_of_record
TN:
SF:src\exceptions\system-exception.ts
FN:16,(anonymous_0)
FN:21,(anonymous_1)
FN:32,(anonymous_2)
FNF:3
FNH:0
FNDA:0,(anonymous_0)
FNDA:0,(anonymous_1)
FNDA:0,(anonymous_2)
DA:15,1
DA:17,0
DA:20,1
DA:22,0
DA:23,0
DA:24,0
DA:27,0
DA:31,1
DA:33,0
LF:9
LH:3
BRDA:23,0,0,0
BRDA:23,0,1,0
BRDA:24,1,0,0
BRDA:24,1,1,0
BRF:4
BRH:0
end_of_record
